2017-01-29 01:03:06 r274 Python 2.7.12 fr.wikt.RemiseEnForme.py "cat" "debug"
2017-01-29 01:03:49 r274 Python 2.7.12 fr.wikt.RemiseEnForme.py "cat"
2017-01-29 01:08:58 r274 Python 2.7.12 fr.wikt.RemiseEnForme.py "cat"
2017-01-29 01:10:56 r274 Python 2.7.12 fr.wikt.RemiseEnForme.py "cat"
2017-01-29 01:12:20 r274 Python 2.7.12 touch.py "-lang:fr" "-family:wiktionary" "-cat:Pages utilisant des liens magiques ISBN"
2017-01-29 01:12:51 r274 Python 2.7.12 fr.wikt.RemiseEnForme.py "cat"
2017-01-29 01:20:43 r274 Python 2.7.12 touch.py "-lang:fr" "-family:wiktionary" "-cat:Pages utilisant des liens magiques ISBN"
2017-01-29 01:28:01 r274 Python 2.7.12 touch.py "-lang:fr" "-family:wiktionary" "-cat:Pages utilisant des liens magiques ISBN"
2017-01-29 01:32:13 r274 Python 2.7.12 touch.py "-lang:fr" "-family:wiktionary" "-cat:Pages utilisant des liens magiques ISBN"
2017-01-29 02:05:08 r274 Python 2.7.12 touch.py "-lang:fr" "-family:wiktionary" "-cat:Pages utilisant des liens magiques ISBN"
2017-01-29 02:07:35 r274 Python 2.7.12 fr.wikt.RemiseEnForme.py "abandonnemens" "debug"
2017-01-29 02:10:41 r274 Python 2.7.12 fr.wikt.RemiseEnForme.py "ambulans" "debug"
2017-01-29 02:13:02 r274 Python 2.7.12 fr.wikt.RemiseEnForme.py "ambulans" "debug"
2017-01-29 02:14:50 r274 Python 2.7.12 touch.py "-lang:fr" "-family:wiktionary" "-cat:Pages utilisant des liens magiques ISBN"
2017-01-29 02:18:03 r274 Python 2.7.12 fr.wikt.RemiseEnForme.py "ambulans" "debug"
2017-01-29 02:20:31 r274 Python 2.7.12 fr.wikt.RemiseEnForme.py "ambulans" "debug"
2017-01-29 02:21:29 r274 Python 2.7.12 fr.wikt.RemiseEnForme.py "ambulans" "debug"
2017-01-29 02:22:15 r274 Python 2.7.12 fr.wikt.RemiseEnForme.py "ambulans" "debug"
2017-01-29 02:22:56 r274 Python 2.7.12 fr.wikt.RemiseEnForme.py "ambulans" "debug"
2017-01-29 02:25:10 r274 Python 2.7.12 fr.wikt.RemiseEnForme.py "ambulans" "debug"
2017-01-29 02:27:53 r274 Python 2.7.12 fr.wikt.RemiseEnForme.py "ambulans" "debug"
2017-01-29 02:29:14 r274 Python 2.7.12 fr.wikt.RemiseEnForme.py "ambulans" "debug"
2017-01-29 14:43:44 r275 Python 2.7.12 fr.wikt.RemiseEnForme.py "cat"
2017-01-29 14:44:07 r275 Python 2.7.12 fr.wikt.RemiseEnForme.py "cat"
2017-01-29 14:45:12 r275 Python 2.7.12 fr.wikt.RemiseEnForme.py "cat"
2017-01-29 14:46:44 r275 Python 2.7.12 fr.wikt.RemiseEnForme.py "cat"
2017-01-29 15:09:09 r275 Python 2.7.12 fr.wikt.RemiseEnForme.py "cat"
2017-01-29 15:09:46 r275 Python 2.7.12 fr.wikt.RemiseEnForme.py "cat"
2017-01-29 15:36:45 r275 Python 2.7.12 fr.wikt.RemiseEnForme.py "cat"
2017-01-29 16:37:00 r275 Python 2.7.12 fr.wikt.RemiseEnForme.py "txt"
2017-01-29 16:38:34 r275 Python 2.7.12 fr.wikt.RemiseEnForme.py "txt"
2017-01-29 16:40:28 r275 Python 2.7.12 fr.wikt.RemiseEnForme.py "txt"
2017-01-29 16:48:25 r275 Python 2.7.12 fr.wikt.RemiseEnForme.py "txt"
2017-01-29 16:49:13 r275 Python 2.7.12 fr.wikt.RemiseEnForme.py "cat"
2017-01-29 16:50:19 r275 Python 2.7.12 touch.py "-lang:fr" "-family:wiktionary" "-cat:Pages utilisant des liens magiques ISBN"
2017-01-29 16:52:29 r275 Python 2.7.12 touch.py "-lang:fr" "-family:wiktionary" "-cat:Pages utilisant des liens magiques ISBN"
2017-01-29 16:53:15 r275 Python 2.7.12 touch.py "-lang:fr" "-family:wiktionary" "-cat:Pages utilisant des liens magiques ISBN"
2017-01-29 16:54:26 r275 Python 2.7.12 touch.py "-lang:fr" "-family:wiktionary" "-cat:Pages utilisant des liens magiques ISBN"
2017-01-29 16:55:11 r275 Python 2.7.12 touch.py "-lang:fr" "-family:wiktionary" "-cat:Pages utilisant des liens magiques ISBN"
2017-01-29 16:58:04 r275 Python 2.7.12 touch.py "-lang:fr" "-family:wiktionary" "-cat:Pages utilisant des liens magiques ISBN"
2017-01-29 16:58:51 r275 Python 2.7.12 touch.py "-lang:fr" "-family:wiktionary" "-cat:Pages utilisant des liens magiques ISBN"
2017-01-29 17:00:20 r275 Python 2.7.12 touch.py "-lang:fr" "-family:wiktionary" "-cat:Pages utilisant des liens magiques ISBN"
2017-01-29 17:02:13 r275 Python 2.7.12 touch.py "-lang:fr" "-family:wiktionary" "-cat:Pages utilisant des liens magiques ISBN"
2017-01-29 17:10:45 r275 Python 2.7.12 touch.py "-lang:fr" "-family:wiktionary" "-cat:Pages utilisant des liens magiques ISBN"
2017-01-29 17:13:43 r275 Python 2.7.12 touch.py "-lang:fr" "-family:wiktionary" "-cat:Pages utilisant des liens magiques ISBN"
2017-01-29 17:34:11 r275 Python 2.7.12 touch.py "-lang:fr" "-family:wiktionary" "-cat:Pages utilisant des liens magiques ISBN"
2017-01-29 17:43:07 r275 Python 2.7.12 touch.py "-lang:fr" "-family:wiktionary" "-cat:Pages utilisant des liens magiques ISBN"
2017-01-29 17:45:07 r275 Python 2.7.12 touch.py "-lang:fr" "-family:wiktionary" "-cat:Pages utilisant des liens magiques ISBN"
2017-01-29 17:45:56 r275 Python 2.7.12 touch.py "-lang:fr" "-family:wiktionary" "-cat:Pages utilisant des liens magiques ISBN"
2017-01-29 18:04:31 r275 Python 2.7.12 touch.py "-lang:fr" "-family:wiktionary" "-cat:Pages utilisant des liens magiques ISBN"
2017-01-31 21:45:57 r275 Python 2.7.12 touch.py "-lang:fr" "-family:wiktionary" "-cat:Singuliers manquants en anglai"
2017-01-31 21:45:59 r275 Python 2.7.12 touch.py "-lang:fr" "-family:wiktionary" "-cat:Singuliers manquants en anglais"
2017-02-01 20:58:49 r275 Python 2.7.12 delete.py "-lang:fr" "-family:wikibooks" "-file:articles_fr_wikibooks.txt"
2017-02-01 20:58:53 r275 Python 2.7.12 delete.py "-lang:fr" "-family:wikibooks" "-file:articles_fr_wikibooks.txt"
2017-02-01 20:59:04 r275 Python 2.7.12 delete.py "-lang:fr" "-family:wikibooks" "-file:articles_fr_wikibooks.txt"
2017-02-01 21:21:43 r275 Python 2.7.12 delete.py "-lang:fr" "-family:wikibooks" "-file:articles_fr_wikibooks.txt"
2017-02-01 21:48:05 r275 Python 2.7.12 delete.py "-lang:fr" "-family:wikibooks" "-file:articles_fr_wikibooks.txt"
2017-02-01 21:49:42 r275 Python 2.7.12 delete.py "-lang:fr" "-family:wikibooks" "-file:articles_fr_wikibooks.txt"
2017-02-01 21:51:29 r275 Python 2.7.12 delete.py "-lang:fr" "-family:wikibooks" "-file:articles_fr_wikibooks.txt"
2017-02-01 21:53:22 r275 Python 2.7.12 delete.py "-lang:fr" "-family:wikibooks" "-file:articles_fr_wikibooks.txt"
2017-02-05 00:34:31 r276 Python 2.7.12 touch.py "-lang:fr" "-family:wiktionary" "-cat:Singuliers manquants en anglais"
2017-02-05 00:37:44 r276 Python 2.7.12 touch.py "-lang:fr" "-family:wiktionary" "-cat:Singuliers manquants en anglais"
2017-02-05 02:12:11 r276 Python 2.7.12 touch.py "-lang:fr" "-family:wiktionary" "-cat:Singuliers manquants en français"
2017-02-05 14:59:21 r276 Python 2.7.12 fr.wikt.RemiseEnForme.py "eagles" "debug"
2017-02-05 16:13:00 r276 Python 2.7.12 fr.wikt.RemiseEnForme.py "anglophones" "debug"
2017-02-05 16:15:13 r276 Python 2.7.12 fr.wikt.RemiseEnForme.py "anglophones" "debug"
2017-02-05 16:18:00 r276 Python 2.7.12 fr.wikt.RemiseEnForme.py "anglophones" "debug"
2017-02-05 16:18:55 r276 Python 2.7.12 fr.wikt.RemiseEnForme.py "anglophones" "debug"
2017-02-05 16:20:19 r276 Python 2.7.12 fr.wikt.RemiseEnForme.py "anglophones" "debug"
2017-02-05 16:21:03 r276 Python 2.7.12 fr.wikt.RemiseEnForme.py "anglophones" "debug"
2017-02-05 16:22:33 r276 Python 2.7.12 fr.wikt.RemiseEnForme.py "anglophones" "debug"
2017-02-05 16:23:51 r276 Python 2.7.12 fr.wikt.RemiseEnForme.py "anglophones" "debug"
2017-02-05 16:24:30 r276 Python 2.7.12 fr.wikt.RemiseEnForme.py "anglophones" "debug"
2017-02-05 16:25:46 r276 Python 2.7.12 fr.wikt.RemiseEnForme.py "anglophones" "debug"
2017-02-05 16:26:21 r276 Python 2.7.12 fr.wikt.RemiseEnForme.py "anglophones" "debug"
2017-02-05 16:27:04 r276 Python 2.7.12 fr.wikt.RemiseEnForme.py "anglophones" "debug"
2017-02-05 16:28:47 r276 Python 2.7.12 fr.wikt.RemiseEnForme.py "anglophones" "debug"
2017-02-05 16:30:46 r276 Python 2.7.12 fr.wikt.RemiseEnForme.py "anglophones" "debug"
2017-02-05 16:38:53 r276 Python 2.7.12 fr.wikt.RemiseEnForme.py "cat"
2017-02-05 17:17:02 r277 Python 2.7.12 fr.wikt.RemiseEnForme.py "altermobilisme"
2017-02-05 18:50:43 r277 Python 2.7.12 touch.py "-lang:fr" "-family:wiktionary" "-cat:Singuliers manquants en français"
2017-02-05 19:12:46 r277 Python 2.7.12 touch.py "-lang:fr" "-family:wiktionary" "-cat:Singuliers manquants en français"
2017-02-05 22:16:53 r277 Python 2.7.12 touch.py "-lang:fr" "-family:wiktionary" "-cat:Singuliers manquants en français"
2017-02-05 22:19:35 r277 Python 2.7.12 touch.py "-lang:fr" "-family:wiktionary" "-cat:Singuliers manquants en anglais"
2017-02-06 01:46:47 r277 Python 2.7.12 fr.wikt.pluriel.py "cat"
2017-02-06 02:03:41 r277 Python 2.7.12 touch.py "-lang:fr" "-family:wiktionary" "-cat:Pluriels manquants en anglais"
2017-02-06 02:03:51 r277 Python 2.7.12 touch.py "-lang:fr" "-family:wiktionary" "-cat:Pluriels manquants en français"
2017-02-06 02:10:02 r277 Python 2.7.12 fr.wikt.pluriel.py "cat"
2017-02-06 02:18:44 r277 Python 2.7.12 touch.py "-lang:fr" "-family:wiktionary" "-cat:Pluriels manquants en français"
2017-02-06 02:21:47 r277 Python 2.7.12 touch.py "-lang:fr" "-family:wiktionary" "-cat:Pluriels manquants en français"
2017-02-06 02:23:35 r277 Python 2.7.12 fr.wikt.pluriel.py "cat"
2017-02-12 00:57:26 r277 Python 2.7.12 touch.py "-lang:fr" "-family:wiktionary" "-cat:Singuliers manquants en français"
2017-02-12 01:00:44 r277 Python 2.7.12 touch.py "-lang:fr" "-family:wiktionary" "-cat:Singuliers manquants en français"
2017-02-12 01:00:59 r277 Python 2.7.12 touch.py "-lang:fr" "-family:wiktionary" "-cat:Singuliers manquants en anglais"
2017-02-12 01:06:48 r277 Python 2.7.12 touch.py "-lang:fr" "-family:wiktionary" "-cat:Singuliers manquants en anglais"
2017-02-13 23:46:42 r277 Python 2.7.12 fr.wikt.RemiseEnForme.py "defacers"
2017-02-13 23:51:13 r277 Python 2.7.12 fr.wikt.RemiseEnForme.py "defacers"
2017-02-13 23:51:37 r277 Python 2.7.12 fr.wikt.RemiseEnForme.py "defacers"
2017-02-13 23:56:59 r277 Python 2.7.12 fr.wikt.RemiseEnForme.py "defacers" "debug"
2017-02-13 23:57:52 r277 Python 2.7.12 fr.wikt.RemiseEnForme.py "defacers" "debug"
2017-02-13 23:59:27 r277 Python 2.7.12 fr.wikt.RemiseEnForme.py "defacers" "debug"
2017-02-14 00:02:35 r277 Python 2.7.12 fr.wikt.RemiseEnForme.py "defacers" "debug"
2017-02-14 00:04:27 r277 Python 2.7.12 fr.wikt.RemiseEnForme.py "defacers" "debug"
2017-02-14 00:13:21 r277 Python 2.7.12 fr.wikt.RemiseEnForme.py "defacers" "debug"
2017-02-14 00:18:09 r277 Python 2.7.12 fr.wikt.RemiseEnForme.py "defacers" "debug"
2017-02-14 00:19:34 r277 Python 2.7.12 fr.wikt.RemiseEnForme.py "defacers" "debug"
2017-02-14 00:24:53 r277 Python 2.7.12 fr.wikt.RemiseEnForme.py "defacers" "debug"
2017-02-14 00:48:10 r277 Python 2.7.12 fr.wikt.RemiseEnForme.py "abamps" "debug"
2017-02-14 00:48:29 r277 Python 2.7.12 fr.wikt.RemiseEnForme.py "defacers" "debug"
2017-02-14 00:51:04 r277 Python 2.7.12 fr.wikt.RemiseEnForme.py "abamps" "debug"
2017-02-14 00:53:38 r277 Python 2.7.12 fr.wikt.RemiseEnForme.py "aaliis" "debug"
2017-02-14 00:54:03 r277 Python 2.7.12 fr.wikt.RemiseEnForme.py "cat"
2017-02-14 00:54:35 r277 Python 2.7.12 fr.wikt.RemiseEnForme.py "cat"
2017-02-14 01:16:03 r277 Python 2.7.12 fr.wikt.RemiseEnForme.py "ts" "debug"
2017-02-14 01:18:29 r277 Python 2.7.12 fr.wikt.RemiseEnForme.py "ts" "debug"
2017-02-14 01:20:58 r277 Python 2.7.12 fr.wikt.RemiseEnForme.py "ts" "debug"
2017-02-14 02:05:43 r279 Python 2.7.12 fr.wikt.RemiseEnForme.py "abdominoplasties" "debug"
2017-02-14 20:28:30 r279 Python 2.7.12 fr.wikt.RemiseEnForme.py "cat"
2017-02-16 01:23:35 r279 Python 2.7.12 fr.wikt.RemiseEnForme.py
2017-02-16 01:24:53 r279 Python 2.7.12 fr.wikt.RemiseEnForme.py
2017-02-16 01:27:29 r279 Python 2.7.12 fr.wikt.RemiseEnForme.py
2017-02-20 23:22:11 r279 Python 2.7.12 fr.wikt.flexions.py "cat"
2017-02-20 23:28:12 r279 Python 2.7.12 fr.wikt.flexions.py "cat"
2017-02-20 23:28:55 r279 Python 2.7.12 fr.wikt.flexions.py "cat" "debug"
2017-02-20 23:29:10 r279 Python 2.7.12 fr.wikt.pluriel.py "cat"
2017-02-25 21:55:47 r280 Python 2.7.12 fr.wikt.RemiseEnForme.py "ts" "debug"
2017-02-25 23:41:11 r280 Python 2.7.12 fr.wikt.RemiseEnForme.py "ts" "debug"
2017-02-25 23:43:24 r280 Python 2.7.12 fr.wikt.RemiseEnForme.py "ts" "debug"
2017-02-25 23:57:31 r280 Python 2.7.12 fr.wikt.RemiseEnForme.py "ts" "debug"
2017-02-25 23:57:43 r280 Python 2.7.12 fr.wikt.RemiseEnForme.py "ts" "debug"
2017-02-25 23:58:08 r280 Python 2.7.12 fr.wikt.RemiseEnForme.py "ts" "debug"
2017-02-25 23:58:27 r280 Python 2.7.12 fr.wikt.RemiseEnForme.py "ts" "debug"
2017-02-25 23:58:47 r280 Python 2.7.12 fr.wikt.RemiseEnForme.py "ts" "debug"
2017-02-26 00:02:08 r280 Python 2.7.12 fr.wikt.RemiseEnForme.py "ts" "debug"
2017-02-26 00:02:19 r280 Python 2.7.12 fr.wikt.RemiseEnForme.py "ts" "debug"
2017-02-26 00:03:46 r280 Python 2.7.12 fr.wikt.RemiseEnForme.py "ts" "debug"
2017-02-26 00:04:15 r280 Python 2.7.12 fr.wikt.RemiseEnForme.py "ts" "debug"
2017-02-26 00:09:43 r280 Python 2.7.12 fr.wikt.RemiseEnForme.py "ts" "debug"
2017-02-26 00:11:14 r280 Python 2.7.12 fr.wikt.RemiseEnForme.py "ts" "debug"
2017-02-26 00:11:43 r280 Python 2.7.12 fr.wikt.RemiseEnForme.py "ts" "debug"
2017-02-26 00:12:19 r280 Python 2.7.12 fr.wikt.RemiseEnForme.py "ts" "debug"
2017-02-26 00:12:32 r280 Python 2.7.12 fr.wikt.RemiseEnForme.py "ts" "debug"
2017-02-26 00:13:06 r280 Python 2.7.12 fr.wikt.RemiseEnForme.py "ts" "debug"
2017-02-26 00:13:35 r280 Python 2.7.12 fr.wikt.RemiseEnForme.py "ts" "debug"
2017-02-26 00:14:38 r280 Python 2.7.12 fr.wikt.RemiseEnForme.py "ts" "debug"
2017-02-26 00:16:20 r280 Python 2.7.12 fr.wikt.RemiseEnForme.py "ts" "debug"
2017-02-26 00:17:51 r280 Python 2.7.12 fr.wikt.RemiseEnForme.py "ts" "debug"
2017-02-26 00:18:35 r280 Python 2.7.12 fr.wikt.RemiseEnForme.py "txt"
2017-02-26 00:25:25 r280 Python 2.7.12 fr.wikt.RemiseEnForme.py "txt"
2017-02-26 00:31:58 r280 Python 2.7.12 fr.wikt.RemiseEnForme.py "txt"
2017-02-26 00:32:06 r280 Python 2.7.12 fr.wikt.RemiseEnForme.py "txt" "d"
2017-02-26 00:32:16 r280 Python 2.7.12 fr.wikt.RemiseEnForme.py "txt" "debug"
2017-02-26 00:32:55 r280 Python 2.7.12 fr.wikt.RemiseEnForme.py "txt" "debug"
2017-02-26 00:35:21 r280 Python 2.7.12 fr.wikt.RemiseEnForme.py "txt" "debug"
2017-02-26 00:36:23 r280 Python 2.7.12 fr.wikt.RemiseEnForme.py "txt" "debug"
2017-02-26 00:37:03 r280 Python 2.7.12 fr.wikt.RemiseEnForme.py "txt" "debug"
2017-02-26 00:46:19 r280 Python 2.7.12 fr.wikt.RemiseEnForme.py "txt" "debug"
2017-02-26 00:48:00 r280 Python 2.7.12 fr.wikt.RemiseEnForme.py "txt" "debug"
2017-02-26 00:48:28 r280 Python 2.7.12 fr.wikt.RemiseEnForme.py "txt" "debug"
2017-02-26 01:29:32 r280 Python 2.7.12 fr.wikt.RemiseEnForme.py "txt" "debug"
2017-02-26 01:31:26 r280 Python 2.7.12 fr.wikt.RemiseEnForme.py "txt"
2017-02-26 01:39:56 r280 Python 2.7.12 fr.wikt.RemiseEnForme.py "txt"
2017-02-26 03:51:21 r280 Python 2.7.12 fr.wikt.RemiseEnForme.py "debug"
2017-02-26 03:51:25 r280 Python 2.7.12 fr.wikt.RemiseEnForme.py "txt" "debug"
2017-02-26 03:53:44 r280 Python 2.7.12 fr.wikt.RemiseEnForme.py "txt" "debug"
2017-02-26 03:54:15 r280 Python 2.7.12 fr.wikt.RemiseEnForme.py "txt" "debug"
2017-02-26 03:56:35 r280 Python 2.7.12 fr.wikt.RemiseEnForme.py "txt" "debug"
2017-02-26 03:59:38 r281 Python 2.7.12 fr.wikt.RemiseEnForme.py "txt"
2017-02-26 14:06:49 r281 Python 2.7.12 fr.wikt.RemiseEnForme.py "txt"
2017-02-26 14:11:44 r281 Python 2.7.12 fr.wikt.RemiseEnForme.py "txt"
2017-02-26 16:15:50 r282 Python 2.7.12 touch.py "-lang:fr" "-family:wikibooks" "-cat:Programmation javaScript"
2017-02-26 16:15:54 r282 Python 2.7.12 touch.py "-lang:fr" "-family:wikibooks" "-cat:Programmation JavaScript"
2017-02-26 16:16:00 r282 Python 2.7.12 touch.py "-lang:fr" "-family:wikibooks" "-cat:Programmation JavaScript (livre)"
2017-02-26 16:17:16 r282 Python 2.7.12 touch.py "-lang:fr" "-family:wikibooks" "-cat:Programmation JavaScript (livre)"
2017-03-01 23:55:31 r282 Python 2.7.12 fr.wikt.RemiseEnForme.py "Espagnols" "debug"
2017-03-02 00:18:25 r282 Python 2.7.12 fr.wikt.RemiseEnForme.py "Espagnols" "debug"
2017-03-02 00:18:52 r282 Python 2.7.12 fr.wikt.RemiseEnForme.py "Espagnols" "debug"
2017-03-02 00:19:34 r282 Python 2.7.12 fr.wikt.RemiseEnForme.py "Espagnols" "debug"
2017-03-02 00:20:01 r282 Python 2.7.12 fr.wikt.RemiseEnForme.py "Espagnols" "debug"
2017-03-02 00:22:44 r282 Python 2.7.12 fr.wikt.RemiseEnForme.py "Espagnols" "debug"
2017-03-02 00:23:06 r282 Python 2.7.12 fr.wikt.RemiseEnForme.py "Espagnols" "debug"
2017-03-02 00:26:41 r282 Python 2.7.12 fr.wikt.RemiseEnForme.py "Espagnols" "debug"
2017-03-02 00:26:51 r282 Python 2.7.12 fr.wikt.RemiseEnForme.py "Espagnols" "debug"
2017-03-02 00:27:03 r282 Python 2.7.12 fr.wikt.RemiseEnForme.py "Espagnols" "debug"
2017-03-02 00:27:12 r282 Python 2.7.12 fr.wikt.RemiseEnForme.py "Espagnols" "debug"
2017-03-02 00:29:48 r282 Python 2.7.12 fr.wikt.RemiseEnForme.py "Espagnols" "debug"
2017-03-02 00:30:29 r282 Python 2.7.12 fr.wikt.RemiseEnForme.py "Espagnols" "debug"
2017-03-02 00:32:01 r282 Python 2.7.12 fr.wikt.RemiseEnForme.py "Espagnols" "debug"
2017-03-02 00:33:19 r282 Python 2.7.12 fr.wikt.RemiseEnForme.py "Espagnols" "debug"
2017-03-02 00:36:15 r282 Python 2.7.12 fr.wikt.RemiseEnForme.py "Ahunoises" "debug"
2017-03-02 00:42:02 r282 Python 2.7.12 fr.wikt.RemiseEnForme.py "Ahunoises" "debug"
2017-03-02 00:44:15 r282 Python 2.7.12 fr.wikt.RemiseEnForme.py "Ahunoises" "debug"
2017-03-02 00:48:15 r282 Python 2.7.12 fr.wikt.RemiseEnForme.py "txt" "debug"
2017-03-02 00:54:15 r282 Python 2.7.12 fr.wikt.RemiseEnForme.py "txt" "debug"
2017-03-02 00:56:07 r282 Python 2.7.12 fr.wikt.RemiseEnForme.py "txt" "debug"
2017-03-02 01:00:01 r282 Python 2.7.12 fr.wikt.RemiseEnForme.py "txt" "debug"
2017-03-02 01:09:35 r282 Python 2.7.12 fr.wikt.RemiseEnForme.py "txt" "debug"
2017-03-02 01:11:06 r282 Python 2.7.12 fr.wikt.RemiseEnForme.py "txt" "debug"
2017-03-02 01:11:35 r282 Python 2.7.12 fr.wikt.RemiseEnForme.py "txt" "debug"
2017-03-02 01:21:01 r282 Python 2.7.12 fr.wikt.RemiseEnForme.py "txt" "debug"
2017-03-02 01:26:48 r282 Python 2.7.12 fr.wikt.RemiseEnForme.py "txt" "debug"
2017-03-02 01:27:03 r282 Python 2.7.12 fr.wikt.RemiseEnForme.py "txt" "debug"
2017-03-02 01:27:15 r282 Python 2.7.12 fr.wikt.RemiseEnForme.py "txt" "debug"
2017-03-02 01:27:28 r282 Python 2.7.12 fr.wikt.RemiseEnForme.py "txt" "debug"
2017-03-02 01:41:01 r282 Python 2.7.12 fr.wikt.RemiseEnForme.py "txt" "debug"
2017-03-02 01:41:18 r282 Python 2.7.12 fr.wikt.RemiseEnForme.py "txt" "debug"
2017-03-02 01:42:53 r282 Python 2.7.12 fr.wikt.RemiseEnForme.py "txt" "debug"
2017-03-02 01:52:40 r282 Python 2.7.12 fr.wikt.RemiseEnForme.py "txt" "debug"
2017-03-02 01:53:20 r282 Python 2.7.12 fr.wikt.RemiseEnForme.py "txt" "debug"
2017-03-03 00:14:18 r283 Python 2.7.12 fr.wikt.RemiseEnForme.py
2017-03-03 00:16:31 r283 Python 2.7.12 fr.wikt.RemiseEnForme.py
2017-03-04 00:28:45 r283 Python 2.7.12 touch.py "-lang:fr" "-family:wiktionary" "-cat:Singuliers manquants en français"
2017-03-04 00:55:37 r283 Python 2.7.12 touch.py "-lang:fr" "-family:wiktionary" "-cat:Singuliers manquants en français"
2017-03-04 17:23:50 r283 Python 2.7.12 fr.wikt.RemiseEnForme.py "thesaurus" "d"
2017-03-04 17:24:32 r283 Python 2.7.12 fr.wikt.RemiseEnForme.py "thesaurus" "d"
2017-03-04 18:32:49 r283 Python 2.7.12 fr.wikt.RemiseEnForme.py "thesaurus" "d"
2017-03-04 19:03:25 r283 Python 2.7.12 fr.wikt.RemiseEnForme.py "thesaurus" "d"
2017-03-04 19:05:44 r283 Python 2.7.12 fr.wikt.RemiseEnForme.py "thesaurus" "d"
2017-03-04 19:07:00 r283 Python 2.7.12 fr.wikt.RemiseEnForme.py "thesaurus" "d"
2017-03-04 19:07:44 r283 Python 2.7.12 fr.wikt.RemiseEnForme.py "thesaurus" "d"
2017-03-04 19:12:46 r283 Python 2.7.12 fr.wikt.RemiseEnForme.py "thesaurus" "d"
2017-03-04 19:13:26 r283 Python 2.7.12 fr.wikt.RemiseEnForme.py "thesaurus" "d"
2017-03-04 19:13:40 r283 Python 2.7.12 fr.wikt.RemiseEnForme.py "thesaurus" "d"
2017-03-04 19:27:27 r283 Python 2.7.12 fr.wikt.RemiseEnForme.py "thesaurus" "d"
2017-03-04 19:27:48 r283 Python 2.7.12 fr.wikt.RemiseEnForme.py "thesaurus" "d"
2017-03-04 19:31:32 r283 Python 2.7.12 fr.wikt.RemiseEnForme.py "thesaurus" "d"
2017-03-04 19:31:56 r283 Python 2.7.12 fr.wikt.RemiseEnForme.py "thesaurus" "d"
2017-03-04 19:33:03 r283 Python 2.7.12 fr.wikt.RemiseEnForme.py "thesaurus" "d"
2017-03-04 19:33:36 r283 Python 2.7.12 fr.wikt.RemiseEnForme.py "thesaurus" "d"
2017-03-04 19:34:07 r283 Python 2.7.12 fr.wikt.RemiseEnForme.py "thesaurus" "d"
2017-03-04 19:36:39 r283 Python 2.7.12 fr.wikt.RemiseEnForme.py "thesaurus" "d"
2017-03-04 20:04:41 r283 Python 2.7.12 fr.wikt.RemiseEnForme.py "thesaurus" "d"
2017-03-04 20:06:58 r283 Python 2.7.12 fr.wikt.RemiseEnForme.py "thesaurus" "d"
2017-03-04 20:07:17 r283 Python 2.7.12 fr.wikt.RemiseEnForme.py "thesaurus" "d"
2017-03-04 20:08:24 r283 Python 2.7.12 fr.wikt.RemiseEnForme.py "thesaurus" "d"
2017-03-04 20:09:57 r283 Python 2.7.12 fr.wikt.RemiseEnForme.py "thesaurus" "d"
2017-03-04 20:11:19 r283 Python 2.7.12 fr.wikt.RemiseEnForme.py "thesaurus" "d"
2017-03-04 20:12:14 r283 Python 2.7.12 fr.wikt.RemiseEnForme.py "thesaurus" "d"
2017-03-04 20:14:53 r283 Python 2.7.12 fr.wikt.RemiseEnForme.py "thesaurus" "d"
2017-03-04 20:18:51 r283 Python 2.7.12 fr.wikt.RemiseEnForme.py "thesaurus" "d"
2017-03-04 20:21:03 r283 Python 2.7.12 fr.wikt.RemiseEnForme.py "thesaurus" "d"
2017-03-04 20:24:59 r283 Python 2.7.12 fr.wikt.RemiseEnForme.py "thesaurus" "d"
2017-03-04 20:26:15 r283 Python 2.7.12 fr.wikt.RemiseEnForme.py "thesaurus" "d"
2017-03-04 20:29:23 r283 Python 2.7.12 fr.wikt.RemiseEnForme.py
2017-03-04 22:32:09 r285 Python 2.7.12 fr.wikt.RemiseEnForme.py "d"
2017-03-04 22:32:15 r285 Python 2.7.12 fr.wikt.RemiseEnForme.py "thesaurus" "d"
2017-03-04 23:50:24 r285 Python 2.7.12 fr.wikt.RemiseEnForme.py "thesaurus" "d"
2017-03-04 23:53:22 r285 Python 2.7.12 fr.wikt.RemiseEnForme.py "thesaurus" "d"
2017-03-05 00:21:08 r285 Python 2.7.12 fr.wikt.RemiseEnForme.py "thesaurus" "d"
2017-03-05 00:21:59 r286 Python 2.7.12 fr.wikt.RemiseEnForme.py "thesaurus" "d"
2017-03-05 00:32:26 r286 Python 2.7.12 fr.wikt.RemiseEnForme.py "thesaurus" "d"
2017-03-05 00:46:48 r285 Python 2.7.12 fr.wikt.RemiseEnForme.py "thesaurus" "d"
2017-03-05 01:04:32 r285 Python 2.7.12 fr.wikt.RemiseEnForme.py "thesaurus" "d"
2017-03-05 01:05:02 r285 Python 2.7.12 fr.wikt.RemiseEnForme.py "thesaurus" "d"
2017-03-05 01:06:23 r285 Python 2.7.12 fr.wikt.RemiseEnForme.py "thesaurus" "d"
2017-03-05 01:13:57 r285 Python 2.7.12 fr.wikt.RemiseEnForme.py "thesaurus" "d"
2017-03-05 01:16:22 r285 Python 2.7.12 fr.wikt.RemiseEnForme.py "thesaurus" "d"
2017-03-05 01:16:35 r285 Python 2.7.12 fr.wikt.RemiseEnForme.py "thesaurus" "d"
2017-03-05 01:17:25 r285 Python 2.7.12 fr.wikt.RemiseEnForme.py "thesaurus" "d"
2017-03-05 01:18:10 r285 Python 2.7.12 fr.wikt.RemiseEnForme.py "thesaurus" "d"
2017-03-05 01:21:35 r285 Python 2.7.12 fr.wikt.RemiseEnForme.py "thesaurus" "d"
2017-03-05 01:21:59 r285 Python 2.7.12 fr.wikt.RemiseEnForme.py "thesaurus" "d"
2017-03-05 01:22:24 r285 Python 2.7.12 fr.wikt.RemiseEnForme.py "thesaurus" "d"
2017-03-05 01:24:32 r285 Python 2.7.12 fr.wikt.RemiseEnForme.py "thesaurus" "d"
2017-03-05 01:35:30 r286 Python 2.7.12 fr.wikt.RemiseEnForme.py "thesaurus" "d"
2017-03-05 01:35:53 r286 Python 2.7.12 fr.wikt.RemiseEnForme.py "thesaurus" "d"
2017-03-05 02:04:37 r287 Python 2.7.12 fr.wikt.RemiseEnForme.py "thesaurus" "d"
2017-03-05 02:24:33 r288 Python 2.7.12 fr.wikt.RemiseEnForme.py "thesaurus" "d"
2017-03-05 02:28:47 r288 Python 2.7.12 fr.wikt.RemiseEnForme.py "thesaurus" "d"
2017-03-05 02:46:21 r288 Python 2.7.12 fr.wikt.RemiseEnForme.py "thesaurus" "d"
2017-03-05 02:47:32 r288 Python 2.7.12 fr.wikt.RemiseEnForme.py "thesaurus" "d"
2017-03-05 02:47:57 r288 Python 2.7.12 fr.wikt.RemiseEnForme.py "thesaurus" "d"
2017-03-05 02:48:34 r288 Python 2.7.12 fr.wikt.RemiseEnForme.py "thesaurus" "d"
2017-03-05 02:49:19 r288 Python 2.7.12 fr.wikt.RemiseEnForme.py "thesaurus" "d"
2017-03-05 02:50:18 r288 Python 2.7.12 fr.wikt.RemiseEnForme.py "thesaurus" "d"
2017-03-05 02:50:56 r288 Python 2.7.12 fr.wikt.RemiseEnForme.py "thesaurus" "d"
2017-03-05 02:52:16 r288 Python 2.7.12 fr.wikt.RemiseEnForme.py "thesaurus" "d"
2017-03-05 02:53:02 r288 Python 2.7.12 fr.wikt.RemiseEnForme.py "thesaurus" "d"
2017-03-05 02:54:04 r288 Python 2.7.12 fr.wikt.RemiseEnForme.py "thesaurus" "d"
2017-03-05 14:49:12 r289 Python 2.7.12 fr.wikt.RemiseEnForme.py "thesaurus" "d"
2017-03-05 14:53:51 r289 Python 2.7.12 fr.wikt.RemiseEnForme.py "thesaurus" "d"
2017-03-05 14:55:36 r289 Python 2.7.12 fr.wikt.RemiseEnForme.py "thesaurus" "d"
2017-03-05 14:56:54 r289 Python 2.7.12 fr.wikt.RemiseEnForme.py "thesaurus" "d"
2017-03-05 14:58:33 r289 Python 2.7.12 fr.wikt.RemiseEnForme.py "thesaurus" "d"
2017-03-05 16:30:45 r289 Python 2.7.12 fr.wikt.RemiseEnForme.py "thesaurus" "d"
2017-03-05 16:33:35 r289 Python 2.7.12 fr.wikt.RemiseEnForme.py "thesaurus" "d"
2017-03-05 16:38:49 r289 Python 2.7.12 fr.wikt.RemiseEnForme.py "thesaurus" "d"
2017-03-05 16:39:27 r289 Python 2.7.12 fr.wikt.RemiseEnForme.py "thesaurus" "d"
2017-03-05 17:02:12 r289 Python 2.7.12 fr.wikt.RemiseEnForme.py "thesaurus" "d"
2017-03-05 17:10:27 r289 Python 2.7.12 fr.wikt.RemiseEnForme.py "thesaurus" "d"
2017-03-05 17:22:36 r289 Python 2.7.12 fr.wikt.RemiseEnForme.py "thesaurus" "d"
2017-03-05 17:39:17 r289 Python 2.7.12 fr.wikt.RemiseEnForme.py "thesaurus" "d"
2017-03-05 17:39:55 r289 Python 2.7.12 fr.wikt.RemiseEnForme.py "thesaurus" "d"
2017-03-05 18:58:35 r289 Python 2.7.12 fr.wikt.RemiseEnForme.py "thesaurus" "d"
2017-03-05 19:28:19 r289 Python 2.7.12 fr.wikt.RemiseEnForme.py "thesaurus" "d"
2017-03-05 19:50:20 r289 Python 2.7.12 fr.wikt.RemiseEnForme.py "thesaurus" "d"
2017-03-05 19:57:02 r289 Python 2.7.12 fr.wikt.RemiseEnForme.py "thesaurus" "d"
2017-03-05 19:58:53 r289 Python 2.7.12 fr.wikt.RemiseEnForme.py "thesaurus" "d"
2017-03-05 21:14:13 r289 Python 2.7.12 fr.wikt.RemiseEnForme.py "thesaurus" "d"
2017-03-05 21:47:23 r290 Python 2.7.12 fr.wikt.RemiseEnForme.py "thesaurus" "d"
2017-03-05 21:52:36 r290 Python 2.7.12 fr.wikt.RemiseEnForme.py "thesaurus" "d"
2017-03-05 21:53:06 r290 Python 2.7.12 fr.wikt.RemiseEnForme.py "thesaurus" "d"
2017-03-05 22:50:27 r290 Python 2.7.12 fr.wikt.RemiseEnForme.py "thesaurus" "d"
2017-03-05 22:52:22 r290 Python 2.7.12 fr.wikt.RemiseEnForme.py "thesaurus" "d"
2017-03-05 23:05:18 r290 Python 2.7.12 fr.wikt.RemiseEnForme.py "thesaurus" "d"
2017-03-05 23:15:31 r290 Python 2.7.12 fr.wikt.RemiseEnForme.py "thesaurus" "d"
2017-03-05 23:17:23 r290 Python 2.7.12 fr.wikt.RemiseEnForme.py "thesaurus" "d"
2017-03-05 23:21:22 r290 Python 2.7.12 fr.wikt.RemiseEnForme.py "thesaurus" "d"
2017-03-05 23:21:58 r290 Python 2.7.12 fr.wikt.RemiseEnForme.py "thesaurus" "d"
2017-03-06 00:27:22 r294 Python 2.7.12 fr.wikt.RemiseEnForme.py "thesaurus" "d"
2017-03-06 00:28:09 r294 Python 2.7.12 fr.wikt.RemiseEnForme.py "thesaurus" "d"
2017-03-06 00:32:16 r294 Python 2.7.12 fr.wikt.RemiseEnForme.py "thesaurus" "d"
2017-03-06 00:34:08 r294 Python 2.7.12 fr.wikt.RemiseEnForme.py "thesaurus" "d"
2017-03-06 00:34:29 r294 Python 2.7.12 fr.wikt.RemiseEnForme.py "thesaurus" "d"
2017-03-06 00:36:56 r294 Python 2.7.12 fr.wikt.RemiseEnForme.py "thesaurus" "d"
2017-03-06 00:38:23 r294 Python 2.7.12 fr.wikt.RemiseEnForme.py "thesaurus" "d"
2017-03-06 00:41:33 r294 Python 2.7.12 fr.wikt.RemiseEnForme.py "thesaurus" "d"
2017-03-06 02:20:29 r295 Python 2.7.12 touch.py "-lang:fr" "-family:wiktionary" "-cat:Singuliers manquants en français"
2017-03-10 23:27:52 r295 Python 2.7.12 fr.wikt.pluriel.py
2017-03-10 23:28:07 r295 Python 2.7.12 fr.wikt.pluriel.py "cat"
2017-03-10 23:32:33 r295 Python 2.7.12 touch.py "-lang:fr" "-family:wiktionary" "-cat:Pluriels manquants en français"
2017-03-10 23:38:28 r295 Python 2.7.12 touch.py "-lang:fr" "-family:wiktionary" "-cat:Pluriels manquants en français"
2017-03-10 23:39:28 r295 Python 2.7.12 touch.py "-lang:fr" "-family:wiktionary" "-cat:Pluriels manquants en français"
2017-03-10 23:40:50 r295 Python 2.7.12 touch.py "-lang:fr" "-family:wiktionary" "-cat:Pluriels manquants en français"
2017-03-10 23:46:36 r295 Python 2.7.12 fr.wikt.pluriel.py "cat"
2017-03-10 23:47:08 r295 Python 2.7.12 touch.py "-lang:fr" "-family:wiktionary" "-cat:Pluriels manquants en français"
2017-03-12 13:21:48 r295 Python 2.7.12 fr.wikt.RemiseEnForme.py "belly"
2017-03-12 14:15:45 r295 Python 2.7.12 fr.wikt.RemiseEnForme.py "belly" "d"
2017-03-12 14:19:09 r295 Python 2.7.12 fr.wikt.RemiseEnForme.py "belly" "d"
2017-03-12 14:22:35 r296 Python 2.7.12 fr.wikt.RemiseEnForme.py "txt"
2017-03-12 16:28:12 r296 Python 2.7.12 fr.wikt.pluriel.py "cat"
2017-03-12 16:29:02 r296 Python 2.7.12 touch.py "-lang:fr" "-family:wiktionary" "-cat:Singuliers manquants en français"
2017-03-12 16:29:16 r296 Python 2.7.12 touch.py "-lang:fr" "-family:wiktionary" "-cat:Pluriels manquants en français"
2017-03-12 16:29:33 r296 Python 2.7.12 touch.py "-lang:fr" "-family:wiktionary" "-cat:Pluriels manquants en français"
2017-03-12 16:29:46 r296 Python 2.7.12 touch.py "-lang:fr" "-family:wiktionary" "-cat:Pluriels manquants en français"
2017-03-12 16:40:25 r296 Python 2.7.12 fr.wikt.RemiseEnForme.py
2017-03-18 17:15:59 r296 Python 2.7.12 fr.wikt.RemiseEnForme.py "s"
2017-03-18 17:16:09 r296 Python 2.7.12 fr.wikt.RemiseEnForme.py "s&#8217;&#244;ter" "d"
2017-03-18 17:42:42 r296 Python 2.7.12 fr.wikt.RemiseEnForme.py "cat" "d"
2017-03-18 17:48:19 r296 Python 2.7.12 fr.wikt.RemiseEnForme.py "cat" "d"
2017-03-18 17:52:10 r296 Python 2.7.12 fr.wikt.RemiseEnForme.py "cat" "d"
2017-03-18 17:53:34 r296 Python 2.7.12 fr.wikt.RemiseEnForme.py "cat" "d"
2017-03-18 18:01:06 r296 Python 2.7.12 fr.wikt.RemiseEnForme.py "cat" "d"
2017-03-18 18:04:55 r296 Python 2.7.12 fr.wikt.RemiseEnForme.py "cat" "d"
2017-03-18 18:08:02 r296 Python 2.7.12 fr.wikt.RemiseEnForme.py "cat" "d"
2017-03-18 18:19:57 r296 Python 2.7.12 fr.wikt.RemiseEnForme.py "cat" "d"
2017-03-18 18:22:33 r296 Python 2.7.12 fr.wikt.RemiseEnForme.py "cat" "d"
2017-03-18 18:24:36 r296 Python 2.7.12 fr.wikt.RemiseEnForme.py "cat" "d"
2017-03-18 18:29:22 r296 Python 2.7.12 fr.wikt.RemiseEnForme.py "cat" "d"
2017-03-18 18:31:41 r296 Python 2.7.12 fr.wikt.RemiseEnForme.py "cat" "d"
2017-03-18 18:33:20 r296 Python 2.7.12 fr.wikt.RemiseEnForme.py "cat" "d"
2017-03-18 18:34:12 r296 Python 2.7.12 fr.wikt.RemiseEnForme.py "cat" "d"
2017-03-18 18:35:01 r296 Python 2.7.12 fr.wikt.RemiseEnForme.py "cat" "d"
2017-03-18 18:38:50 r296 Python 2.7.12 fr.wikt.RemiseEnForme.py "cat" "d"
2017-03-18 18:39:28 r296 Python 2.7.12 fr.wikt.RemiseEnForme.py "cat"
2017-03-18 19:28:47 r296 Python 2.7.12 fr.wikt.RemiseEnForme.py "maca" "d"
2017-03-18 19:44:42 r296 Python 2.7.12 fr.wikt.RemiseEnForme.py "maca" "d"
2017-03-18 19:45:28 r296 Python 2.7.12 fr.wikt.RemiseEnForme.py "cat"
2017-03-18 20:42:23 r297 Python 2.7.12 fr.wikt.RemiseEnForme.py "bit" "d"
2017-03-18 21:11:36 r297 Python 2.7.12 fr.wikt.RemiseEnForme.py "bit" "d"
2017-03-18 22:50:49 r299 Python 2.7.12 pwb.py "JackBot/fr.wiktionary.flexions" "tes" "d"
2017-03-18 22:54:43 r299 Python 2.7.12 pwb.py "JackBot/fr.wiktionary.flexions" "maca" "d"
2017-03-23 22:07:01 r301 Python 2.7.12 fr.wikt.RemiseEnForme.py
2017-03-23 22:21:39 r301 Python 2.7.12 fr.wikt.RemiseEnForme.py "phlegmon" "d"
2017-03-23 22:45:29 r301 Python 2.7.12 fr.wikt.RemiseEnForme.py "phlegmon" "d"
2017-03-23 22:48:32 r301 Python 2.7.12 fr.wikt.RemiseEnForme.py "phlegmon" "d"
2017-03-23 22:55:04 r302 Python 2.7.12 fr.wikt.pluriel.py "cat"
2017-03-23 22:56:13 r302 Python 2.7.12 touch.py "-lang:fr" "-family:wiktionary" "-cat:Pluriels manquants en français"
2017-03-23 22:58:32 r302 Python 2.7.12 touch.py "-lang:fr" "-family:wiktionary" "-cat:Pluriels manquants en français"
2017-03-23 23:00:15 r302 Python 2.7.12 touch.py "-lang:fr" "-family:wiktionary" "-cat:Pluriels manquants en français"
2017-03-23 23:00:38 r302 Python 2.7.12 fr.wikt.pluriel.py "cat"
2017-03-23 23:01:39 r302 Python 2.7.12 touch.py "-lang:fr" "-family:wiktionary" "-cat:Pluriels manquants en français"
2017-03-23 23:01:58 r302 Python 2.7.12 touch.py "-lang:fr" "-family:wiktionary" "-cat:Pluriels manquants en français"
2017-03-27 02:28:24 r303 Python 2.7.12 pwb.py "JackBot/fr.wikivoyage.format2" "cat"
2017-03-27 02:29:21 r303 Python 2.7.12 pwb.py "JackBot/fr.wikivoyage.format2" "cat"
2017-03-27 02:29:36 r303 Python 2.7.12 pwb.py "JackBot/fr.wikivoyage.format" "cat"
2017-03-27 02:30:38 r303 Python 2.7.12 pwb.py "JackBot/fr.wikivoyage.format" "cat" "d"
2017-03-27 02:30:51 r303 Python 2.7.12 pwb.py "JackBot/fr.wikivoyage.format" "cat"
2017-04-17 18:56:54 r304 Python 2.7.12 pwb.py "replace.py" "-family:wikibooks" "-lang:fr"
2017-04-17 18:57:06 r304 Python 2.7.12 replace.py "-family:wikibooks" "-lang:fr"
2017-04-17 18:57:43 r304 Python 2.7.12 replace.py "-family:wikibooks" "-lang:fr" "-cat:Catégorie:Apprendre à programmer avec Python (livre)"
2017-04-17 18:58:10 r304 Python 2.7.12 replace.py "-family:wikibooks" "-lang:fr" "-cat:Apprendre à programmer avec Python (livre)"
2017-04-17 18:58:26 r304 Python 2.7.12 replace.py "-family:wikibooks" "-lang:fr" "-cat:Apprendre à programmer avec Python (livre)"
2017-04-17 20:08:11 r304 Python 2.7.12 pwb.py "JackBot/fr.wikibooks.format" "cat"
2017-04-17 20:08:59 r304 Python 2.7.12 pwb.py "JackBot/fr.wikibooks.format" "cat"
2017-04-17 20:09:15 r304 Python 2.7.12 pwb.py "JackBot/fr.wikibooks.format" "cat" "d"
2017-04-17 20:10:41 r304 Python 2.7.12 pwb.py "JackBot/fr.wikibooks.format" "cat" "d"
2017-04-17 20:11:55 r304 Python 2.7.12 pwb.py "JackBot/fr.wikibooks.format" "cat" "d"
2017-04-17 20:15:06 r304 Python 2.7.12 pwb.py "JackBot/fr.wikibooks.format" "cat" "d"
2017-04-17 20:18:35 r304 Python 2.7.12 pwb.py "JackBot/fr.wikibooks.format" "cat" "d"
2017-04-18 00:12:26 r304 Python 2.7.12 delete.py "-file:articles_fr_wiktionary.txt" "-family:wikibooks" "-lang:fr"
2017-04-18 00:12:32 r304 Python 2.7.12 delete.py "-file:articles_fr_wikibooks.txt" "-family:wikibooks" "-lang:fr"
2017-05-02 03:21:47 r306 Python 2.7.12 fr.q.count-quotes.py
2017-05-13 21:36:58 r310 Python 2.7.12 replace.py "-lang:fr" "-family:wikibooks" "-cat:Modèles non imprimables du livre de photographie"
2017-05-14 04:44:12 r314 Python 2.7.12 pwb.py "scripts/JackBot/fr.wikipedia.format" "txt"
2017-05-14 04:44:27 r314 Python 2.7.12 pwb.py "scripts/JackBot/fr.wikipedia.format" "txt" "d"
2017-05-25 12:13:18 r322 Python 2.7.12 delete.py "-lang:fr" "-family:wikiversity" "-cat:Suppressions imm&#233;diates demand&#233;es"
2017-05-25 12:13:50 r322 Python 2.7.12 delete.py "-lang:fr" "-family:wikiversity" "-cat:Cat&#233;gorie:Suppressions imm&#233;diates demand&#233;es"
2017-05-25 12:14:10 r322 Python 2.7.12 delete.py "-lang:fr" "-family:wikiversity" "-cat:Catégorie:Suppressions_immédiates_demandées"
2017-05-25 12:14:24 r322 Python 2.7.12 delete.py "-lang:fr" "-family:wikiversity" "-cat:Suppressions_immédiates_demandées"
2017-05-25 12:14:55 r322 Python 2.7.12 delete.py "-lang:fr" "-family:wikiversity" "-cat:Suppressions_immédiates_demandées"
2017-05-28 02:09:09 r322 Python 2.7.12 category.py "remove" "Category:User talk archives" "-lang:en" "-family:wikibooks" "-cat:Category:User talk archives"
2017-05-28 02:10:18 r322 Python 2.7.12 touch.py "-lang:en" "-family:wikibooks" "-cat:Category:User talk archives"
2017-05-28 02:10:25 r322 Python 2.7.12 touch.py "-lang:en" "-family:wikibooks" "-cat:User talk archives"
2017-05-28 02:12:14 r322 Python 2.7.12 touch.py "-lang:en" "-family:wikibooks" "-cat:User talk archives"
2017-05-28 02:12:27 r322 Python 2.7.12 touch.py "-lang:en" "-family:wikibooks" "-cat:User talk archives"
2017-05-28 02:12:58 r322 Python 2.7.12 login.py "JackPotte"
2017-05-28 02:13:40 r322 Python 2.7.12 touch.py "-lang:en" "-family:wikibooks" "-cat:User talk archives"
