2014-10-09 22:45:42       interwiki.py, 2185 in       generateMore: INFO     NOTE: Number of pages queued is 0, trying to add 60 more.
2014-10-09 22:45:42       wikipedia.py, 5469 in             getall: INFO     Getting 1 page from wiktionary:fr...
2014-10-09 22:45:43       wikipedia.py, 5227 in         headerDone: WARNING  Family file wiktionary contains version number 1.22wmf12, but it should be 1.25wmf2
2014-10-09 22:45:44       interwiki.py, 1478 in        batchLoaded: INFO     [[fr:Wiktionnaire:Accueil communautaire]]: [[fr:Wiktionnaire:Accueil communautaire]] gives new interwiki [[ar:ويكاموس:بوابة المجتمع]]
2014-10-09 22:45:44       interwiki.py, 1478 in        batchLoaded: INFO     [[fr:Wiktionnaire:Accueil communautaire]]: [[fr:Wiktionnaire:Accueil communautaire]] gives new interwiki [[ko:위키낱말사전:편집실]]
2014-10-09 22:45:44       interwiki.py, 1478 in        batchLoaded: INFO     [[fr:Wiktionnaire:Accueil communautaire]]: [[fr:Wiktionnaire:Accueil communautaire]] gives new interwiki [[ts:Wiktionary:Community Portal]]
2014-10-09 22:45:44       interwiki.py, 1478 in        batchLoaded: INFO     [[fr:Wiktionnaire:Accueil communautaire]]: [[fr:Wiktionnaire:Accueil communautaire]] gives new interwiki [[io:Wikivortaro:Komuneso-portalo]]
2014-10-09 22:45:44       interwiki.py, 1478 in        batchLoaded: INFO     [[fr:Wiktionnaire:Accueil communautaire]]: [[fr:Wiktionnaire:Accueil communautaire]] gives new interwiki [[kl:Wiktionary:Community Portal]]
2014-10-09 22:45:44       interwiki.py, 1478 in        batchLoaded: INFO     [[fr:Wiktionnaire:Accueil communautaire]]: [[fr:Wiktionnaire:Accueil communautaire]] gives new interwiki [[pt:Wikcionário:Portal comunitário]]
2014-10-09 22:45:44       interwiki.py, 1478 in        batchLoaded: INFO     [[fr:Wiktionnaire:Accueil communautaire]]: [[fr:Wiktionnaire:Accueil communautaire]] gives new interwiki [[az:Wiktionary:Community Portal]]
2014-10-09 22:45:44       interwiki.py, 1478 in        batchLoaded: INFO     [[fr:Wiktionnaire:Accueil communautaire]]: [[fr:Wiktionnaire:Accueil communautaire]] gives new interwiki [[ay:Wiktionary:Community Portal]]
2014-10-09 22:45:44       interwiki.py, 1478 in        batchLoaded: INFO     [[fr:Wiktionnaire:Accueil communautaire]]: [[fr:Wiktionnaire:Accueil communautaire]] gives new interwiki [[cy:Wiciadur:Porth y Gymuned]]
2014-10-09 22:45:44       interwiki.py, 1478 in        batchLoaded: INFO     [[fr:Wiktionnaire:Accueil communautaire]]: [[fr:Wiktionnaire:Accueil communautaire]] gives new interwiki [[mr:विक्शनरी:Community Portal]]
2014-10-09 22:45:44       interwiki.py, 1478 in        batchLoaded: INFO     [[fr:Wiktionnaire:Accueil communautaire]]: [[fr:Wiktionnaire:Accueil communautaire]] gives new interwiki [[ie:Wiktionary:Págine del comunité]]
2014-10-09 22:45:44       interwiki.py, 1478 in        batchLoaded: INFO     [[fr:Wiktionnaire:Accueil communautaire]]: [[fr:Wiktionnaire:Accueil communautaire]] gives new interwiki [[mg:Wiktionary:Community Portal]]
2014-10-09 22:45:44       interwiki.py, 1478 in        batchLoaded: INFO     [[fr:Wiktionnaire:Accueil communautaire]]: [[fr:Wiktionnaire:Accueil communautaire]] gives new interwiki [[or:Wiktionary:ସଙ୍ଘ ଆଲୋଚନା ସଭା]]
2014-10-09 22:45:44       interwiki.py, 1478 in        batchLoaded: INFO     [[fr:Wiktionnaire:Accueil communautaire]]: [[fr:Wiktionnaire:Accueil communautaire]] gives new interwiki [[ky:Wiktionary:Community Portal]]
2014-10-09 22:45:44       interwiki.py, 1478 in        batchLoaded: INFO     [[fr:Wiktionnaire:Accueil communautaire]]: [[fr:Wiktionnaire:Accueil communautaire]] gives new interwiki [[af:Wiktionary:Community Portal]]
2014-10-09 22:45:44       interwiki.py, 1478 in        batchLoaded: INFO     [[fr:Wiktionnaire:Accueil communautaire]]: [[fr:Wiktionnaire:Accueil communautaire]] gives new interwiki [[oc:Wikiccionari:Community Portal]]
2014-10-09 22:45:44       interwiki.py, 1478 in        batchLoaded: INFO     [[fr:Wiktionnaire:Accueil communautaire]]: [[fr:Wiktionnaire:Accueil communautaire]] gives new interwiki [[ti:Wiktionary:Community Portal]]
2014-10-09 22:45:44       interwiki.py, 1478 in        batchLoaded: INFO     [[fr:Wiktionnaire:Accueil communautaire]]: [[fr:Wiktionnaire:Accueil communautaire]] gives new interwiki [[is:Wikiorðabók:Potturinn]]
2014-10-09 22:45:44       interwiki.py, 1478 in        batchLoaded: INFO     [[fr:Wiktionnaire:Accueil communautaire]]: [[fr:Wiktionnaire:Accueil communautaire]] gives new interwiki [[sa:Wiktionary:Community Portal]]
2014-10-09 22:45:44       interwiki.py, 1478 in        batchLoaded: INFO     [[fr:Wiktionnaire:Accueil communautaire]]: [[fr:Wiktionnaire:Accueil communautaire]] gives new interwiki [[co:Wiktionary:Community Portal]]
2014-10-09 22:45:44       interwiki.py, 1478 in        batchLoaded: INFO     [[fr:Wiktionnaire:Accueil communautaire]]: [[fr:Wiktionnaire:Accueil communautaire]] gives new interwiki [[tk:Wikisözlük:Community Portal]]
2014-10-09 22:45:44       interwiki.py, 1478 in        batchLoaded: INFO     [[fr:Wiktionnaire:Accueil communautaire]]: [[fr:Wiktionnaire:Accueil communautaire]] gives new interwiki [[ast:Uiccionariu:Portal de la comunidá]]
2014-10-09 22:45:44       interwiki.py, 1478 in        batchLoaded: INFO     [[fr:Wiktionnaire:Accueil communautaire]]: [[fr:Wiktionnaire:Accueil communautaire]] gives new interwiki [[tn:Wiktionary:Community Portal]]
2014-10-09 22:45:44       interwiki.py, 1478 in        batchLoaded: INFO     [[fr:Wiktionnaire:Accueil communautaire]]: [[fr:Wiktionnaire:Accueil communautaire]] gives new interwiki [[it:Wikizionario:Portale Comunità]]
2014-10-09 22:45:44       interwiki.py, 1478 in        batchLoaded: INFO     [[fr:Wiktionnaire:Accueil communautaire]]: [[fr:Wiktionnaire:Accueil communautaire]] gives new interwiki [[de:Wiktionary:Autorenportal]]
2014-10-09 22:45:44       interwiki.py, 1478 in        batchLoaded: INFO     [[fr:Wiktionnaire:Accueil communautaire]]: [[fr:Wiktionnaire:Accueil communautaire]] gives new interwiki [[nah:Wiktionary:Tlecuitl]]
2014-10-09 22:45:44       interwiki.py, 1478 in        batchLoaded: INFO     [[fr:Wiktionnaire:Accueil communautaire]]: [[fr:Wiktionnaire:Accueil communautaire]] gives new interwiki [[fa:ویکی‌واژه:قهوه‌خانه]]
2014-10-09 22:45:44       interwiki.py, 1478 in        batchLoaded: INFO     [[fr:Wiktionnaire:Accueil communautaire]]: [[fr:Wiktionnaire:Accueil communautaire]] gives new interwiki [[simple:Wiktionary:Community Portal]]
2014-10-09 22:45:44       interwiki.py, 1478 in        batchLoaded: INFO     [[fr:Wiktionnaire:Accueil communautaire]]: [[fr:Wiktionnaire:Accueil communautaire]] gives new interwiki [[zh:Wiktionary:社区主页]]
2014-10-09 22:45:44       interwiki.py, 1478 in        batchLoaded: INFO     [[fr:Wiktionnaire:Accueil communautaire]]: [[fr:Wiktionnaire:Accueil communautaire]] gives new interwiki [[he:ויקימילון:שער הקהילה]]
2014-10-09 22:45:44       interwiki.py, 1478 in        batchLoaded: INFO     [[fr:Wiktionnaire:Accueil communautaire]]: [[fr:Wiktionnaire:Accueil communautaire]] gives new interwiki [[om:Wiktionary:Community Portal]]
2014-10-09 22:45:44       interwiki.py, 1478 in        batchLoaded: INFO     [[fr:Wiktionnaire:Accueil communautaire]]: [[fr:Wiktionnaire:Accueil communautaire]] gives new interwiki [[br:Wikeriadur:Community Portal]]
2014-10-09 22:45:44       interwiki.py, 1478 in        batchLoaded: INFO     [[fr:Wiktionnaire:Accueil communautaire]]: [[fr:Wiktionnaire:Accueil communautaire]] gives new interwiki [[ha:Wiktionary:Community Portal]]
2014-10-09 22:45:44       interwiki.py, 1478 in        batchLoaded: INFO     [[fr:Wiktionnaire:Accueil communautaire]]: [[fr:Wiktionnaire:Accueil communautaire]] gives new interwiki [[vi:Wiktionary:Cộng đồng]]
2014-10-09 22:45:44       interwiki.py, 1478 in        batchLoaded: INFO     [[fr:Wiktionnaire:Accueil communautaire]]: [[fr:Wiktionnaire:Accueil communautaire]] gives new interwiki [[ms:Wiktionary:Portal Masyarakat]]
2014-10-09 22:45:44       interwiki.py, 1478 in        batchLoaded: INFO     [[fr:Wiktionnaire:Accueil communautaire]]: [[fr:Wiktionnaire:Accueil communautaire]] gives new interwiki [[ur:وکی لغت:Community Portal]]
2014-10-09 22:45:44       interwiki.py, 1478 in        batchLoaded: INFO     [[fr:Wiktionnaire:Accueil communautaire]]: [[fr:Wiktionnaire:Accueil communautaire]] gives new interwiki [[lt:Vikižodynas:Bendruomenės portalas]]
2014-10-09 22:45:44       interwiki.py, 1478 in        batchLoaded: INFO     [[fr:Wiktionnaire:Accueil communautaire]]: [[fr:Wiktionnaire:Accueil communautaire]] gives new interwiki [[hi:विक्षनरी:Community Portal]]
2014-10-09 22:45:52       interwiki.py, 1652 in             finish: INFO     ======Aborted processing [[fr:Wiktionnaire:Accueil communautaire]]======
2014-10-09 22:45:56       interwiki.py, 2185 in       generateMore: INFO     NOTE: Number of pages queued is 0, trying to add 60 more.
2014-10-09 22:45:56       wikipedia.py, 5469 in             getall: INFO     Getting 1 page from wiktionary:fr...
2014-10-09 22:45:57       wikipedia.py, 5227 in         headerDone: WARNING  Family file wiktionary contains version number 1.22wmf12, but it should be 1.25wmf2
2014-10-09 22:45:58       interwiki.py, 1478 in        batchLoaded: INFO     [[fr:Wiktionnaire:Accueil communautaire]]: [[fr:Wiktionnaire:Accueil communautaire]] gives new interwiki [[ar:ويكاموس:بوابة المجتمع]]
2014-10-09 22:45:58       interwiki.py, 1478 in        batchLoaded: INFO     [[fr:Wiktionnaire:Accueil communautaire]]: [[fr:Wiktionnaire:Accueil communautaire]] gives new interwiki [[ko:위키낱말사전:편집실]]
2014-10-09 22:45:58       interwiki.py, 1478 in        batchLoaded: INFO     [[fr:Wiktionnaire:Accueil communautaire]]: [[fr:Wiktionnaire:Accueil communautaire]] gives new interwiki [[ts:Wiktionary:Community Portal]]
2014-10-09 22:45:58       interwiki.py, 1478 in        batchLoaded: INFO     [[fr:Wiktionnaire:Accueil communautaire]]: [[fr:Wiktionnaire:Accueil communautaire]] gives new interwiki [[io:Wikivortaro:Komuneso-portalo]]
2014-10-09 22:45:58       interwiki.py, 1478 in        batchLoaded: INFO     [[fr:Wiktionnaire:Accueil communautaire]]: [[fr:Wiktionnaire:Accueil communautaire]] gives new interwiki [[kl:Wiktionary:Community Portal]]
2014-10-09 22:45:58       interwiki.py, 1478 in        batchLoaded: INFO     [[fr:Wiktionnaire:Accueil communautaire]]: [[fr:Wiktionnaire:Accueil communautaire]] gives new interwiki [[pt:Wikcionário:Portal comunitário]]
2014-10-09 22:45:58       interwiki.py, 1478 in        batchLoaded: INFO     [[fr:Wiktionnaire:Accueil communautaire]]: [[fr:Wiktionnaire:Accueil communautaire]] gives new interwiki [[az:Wiktionary:Community Portal]]
2014-10-09 22:45:58       interwiki.py, 1478 in        batchLoaded: INFO     [[fr:Wiktionnaire:Accueil communautaire]]: [[fr:Wiktionnaire:Accueil communautaire]] gives new interwiki [[ay:Wiktionary:Community Portal]]
2014-10-09 22:45:58       interwiki.py, 1478 in        batchLoaded: INFO     [[fr:Wiktionnaire:Accueil communautaire]]: [[fr:Wiktionnaire:Accueil communautaire]] gives new interwiki [[cy:Wiciadur:Porth y Gymuned]]
2014-10-09 22:45:58       interwiki.py, 1478 in        batchLoaded: INFO     [[fr:Wiktionnaire:Accueil communautaire]]: [[fr:Wiktionnaire:Accueil communautaire]] gives new interwiki [[mr:विक्शनरी:Community Portal]]
2014-10-09 22:45:58       interwiki.py, 1478 in        batchLoaded: INFO     [[fr:Wiktionnaire:Accueil communautaire]]: [[fr:Wiktionnaire:Accueil communautaire]] gives new interwiki [[ie:Wiktionary:Págine del comunité]]
2014-10-09 22:45:58       interwiki.py, 1478 in        batchLoaded: INFO     [[fr:Wiktionnaire:Accueil communautaire]]: [[fr:Wiktionnaire:Accueil communautaire]] gives new interwiki [[mg:Wiktionary:Community Portal]]
2014-10-09 22:45:58       interwiki.py, 1478 in        batchLoaded: INFO     [[fr:Wiktionnaire:Accueil communautaire]]: [[fr:Wiktionnaire:Accueil communautaire]] gives new interwiki [[or:Wiktionary:ସଙ୍ଘ ଆଲୋଚନା ସଭା]]
2014-10-09 22:45:58       interwiki.py, 1478 in        batchLoaded: INFO     [[fr:Wiktionnaire:Accueil communautaire]]: [[fr:Wiktionnaire:Accueil communautaire]] gives new interwiki [[ky:Wiktionary:Community Portal]]
2014-10-09 22:45:58       interwiki.py, 1478 in        batchLoaded: INFO     [[fr:Wiktionnaire:Accueil communautaire]]: [[fr:Wiktionnaire:Accueil communautaire]] gives new interwiki [[af:Wiktionary:Community Portal]]
2014-10-09 22:45:58       interwiki.py, 1478 in        batchLoaded: INFO     [[fr:Wiktionnaire:Accueil communautaire]]: [[fr:Wiktionnaire:Accueil communautaire]] gives new interwiki [[oc:Wikiccionari:Community Portal]]
2014-10-09 22:45:58       interwiki.py, 1478 in        batchLoaded: INFO     [[fr:Wiktionnaire:Accueil communautaire]]: [[fr:Wiktionnaire:Accueil communautaire]] gives new interwiki [[ti:Wiktionary:Community Portal]]
2014-10-09 22:45:58       interwiki.py, 1478 in        batchLoaded: INFO     [[fr:Wiktionnaire:Accueil communautaire]]: [[fr:Wiktionnaire:Accueil communautaire]] gives new interwiki [[is:Wikiorðabók:Potturinn]]
2014-10-09 22:45:58       interwiki.py, 1478 in        batchLoaded: INFO     [[fr:Wiktionnaire:Accueil communautaire]]: [[fr:Wiktionnaire:Accueil communautaire]] gives new interwiki [[sa:Wiktionary:Community Portal]]
2014-10-09 22:45:58       interwiki.py, 1478 in        batchLoaded: INFO     [[fr:Wiktionnaire:Accueil communautaire]]: [[fr:Wiktionnaire:Accueil communautaire]] gives new interwiki [[co:Wiktionary:Community Portal]]
2014-10-09 22:45:58       interwiki.py, 1478 in        batchLoaded: INFO     [[fr:Wiktionnaire:Accueil communautaire]]: [[fr:Wiktionnaire:Accueil communautaire]] gives new interwiki [[tk:Wikisözlük:Community Portal]]
2014-10-09 22:45:58       interwiki.py, 1478 in        batchLoaded: INFO     [[fr:Wiktionnaire:Accueil communautaire]]: [[fr:Wiktionnaire:Accueil communautaire]] gives new interwiki [[ast:Uiccionariu:Portal de la comunidá]]
2014-10-09 22:45:58       interwiki.py, 1478 in        batchLoaded: INFO     [[fr:Wiktionnaire:Accueil communautaire]]: [[fr:Wiktionnaire:Accueil communautaire]] gives new interwiki [[tn:Wiktionary:Community Portal]]
2014-10-09 22:45:58       interwiki.py, 1478 in        batchLoaded: INFO     [[fr:Wiktionnaire:Accueil communautaire]]: [[fr:Wiktionnaire:Accueil communautaire]] gives new interwiki [[it:Wikizionario:Portale Comunità]]
2014-10-09 22:45:58       interwiki.py, 1478 in        batchLoaded: INFO     [[fr:Wiktionnaire:Accueil communautaire]]: [[fr:Wiktionnaire:Accueil communautaire]] gives new interwiki [[de:Wiktionary:Autorenportal]]
2014-10-09 22:45:58       interwiki.py, 1478 in        batchLoaded: INFO     [[fr:Wiktionnaire:Accueil communautaire]]: [[fr:Wiktionnaire:Accueil communautaire]] gives new interwiki [[nah:Wiktionary:Tlecuitl]]
2014-10-09 22:45:58       interwiki.py, 1478 in        batchLoaded: INFO     [[fr:Wiktionnaire:Accueil communautaire]]: [[fr:Wiktionnaire:Accueil communautaire]] gives new interwiki [[fa:ویکی‌واژه:قهوه‌خانه]]
2014-10-09 22:45:58       interwiki.py, 1478 in        batchLoaded: INFO     [[fr:Wiktionnaire:Accueil communautaire]]: [[fr:Wiktionnaire:Accueil communautaire]] gives new interwiki [[simple:Wiktionary:Community Portal]]
2014-10-09 22:45:58       interwiki.py, 1478 in        batchLoaded: INFO     [[fr:Wiktionnaire:Accueil communautaire]]: [[fr:Wiktionnaire:Accueil communautaire]] gives new interwiki [[zh:Wiktionary:社区主页]]
2014-10-09 22:45:58       interwiki.py, 1478 in        batchLoaded: INFO     [[fr:Wiktionnaire:Accueil communautaire]]: [[fr:Wiktionnaire:Accueil communautaire]] gives new interwiki [[he:ויקימילון:שער הקהילה]]
2014-10-09 22:45:58       interwiki.py, 1478 in        batchLoaded: INFO     [[fr:Wiktionnaire:Accueil communautaire]]: [[fr:Wiktionnaire:Accueil communautaire]] gives new interwiki [[om:Wiktionary:Community Portal]]
2014-10-09 22:45:58       interwiki.py, 1478 in        batchLoaded: INFO     [[fr:Wiktionnaire:Accueil communautaire]]: [[fr:Wiktionnaire:Accueil communautaire]] gives new interwiki [[br:Wikeriadur:Community Portal]]
2014-10-09 22:45:58       interwiki.py, 1478 in        batchLoaded: INFO     [[fr:Wiktionnaire:Accueil communautaire]]: [[fr:Wiktionnaire:Accueil communautaire]] gives new interwiki [[ha:Wiktionary:Community Portal]]
2014-10-09 22:45:58       interwiki.py, 1478 in        batchLoaded: INFO     [[fr:Wiktionnaire:Accueil communautaire]]: [[fr:Wiktionnaire:Accueil communautaire]] gives new interwiki [[vi:Wiktionary:Cộng đồng]]
2014-10-09 22:45:58       interwiki.py, 1478 in        batchLoaded: INFO     [[fr:Wiktionnaire:Accueil communautaire]]: [[fr:Wiktionnaire:Accueil communautaire]] gives new interwiki [[ms:Wiktionary:Portal Masyarakat]]
2014-10-09 22:45:58       interwiki.py, 1478 in        batchLoaded: INFO     [[fr:Wiktionnaire:Accueil communautaire]]: [[fr:Wiktionnaire:Accueil communautaire]] gives new interwiki [[ur:وکی لغت:Community Portal]]
2014-10-09 22:45:58       interwiki.py, 1478 in        batchLoaded: INFO     [[fr:Wiktionnaire:Accueil communautaire]]: [[fr:Wiktionnaire:Accueil communautaire]] gives new interwiki [[lt:Vikižodynas:Bendruomenės portalas]]
2014-10-09 22:45:58       interwiki.py, 1478 in        batchLoaded: INFO     [[fr:Wiktionnaire:Accueil communautaire]]: [[fr:Wiktionnaire:Accueil communautaire]] gives new interwiki [[hi:विक्षनरी:Community Portal]]
2014-10-09 22:46:00       interwiki.py, 1091 in  namespaceMismatch: INFO     NOTE: ignoring [[lv:Vikivārdnīca:Diskusiju telpa]] and its interwiki links
2014-10-09 22:46:00       interwiki.py, 1478 in        batchLoaded: INFO     [[fr:Wiktionnaire:Accueil communautaire]]: [[fr:Wiktionnaire:Accueil communautaire]] gives new interwiki [[ja:Wiktionary:コミュニティ・ポータル]]
2014-10-09 22:46:00       interwiki.py, 1478 in        batchLoaded: INFO     [[fr:Wiktionnaire:Accueil communautaire]]: [[fr:Wiktionnaire:Accueil communautaire]] gives new interwiki [[ug:Wiktionary:Community Portal]]
2014-10-09 22:46:00       interwiki.py, 1478 in        batchLoaded: INFO     [[fr:Wiktionnaire:Accueil communautaire]]: [[fr:Wiktionnaire:Accueil communautaire]] gives new interwiki [[st:Wiktionary:Community Portal]]
2014-10-09 22:46:00       interwiki.py, 1478 in        batchLoaded: INFO     [[fr:Wiktionnaire:Accueil communautaire]]: [[fr:Wiktionnaire:Accueil communautaire]] gives new interwiki [[sw:Wiktionary:Community Portal]]
2014-10-09 22:46:00       interwiki.py, 1478 in        batchLoaded: INFO     [[fr:Wiktionnaire:Accueil communautaire]]: [[fr:Wiktionnaire:Accueil communautaire]] gives new interwiki [[sv:Wiktionary:Kollektivportal]]
2014-10-09 22:46:00       interwiki.py, 1478 in        batchLoaded: INFO     [[fr:Wiktionnaire:Accueil communautaire]]: [[fr:Wiktionnaire:Accueil communautaire]] gives new interwiki [[ln:Wiktionary:Community Portal]]
2014-10-09 22:46:00       interwiki.py, 1478 in        batchLoaded: INFO     [[fr:Wiktionnaire:Accueil communautaire]]: [[fr:Wiktionnaire:Accueil communautaire]] gives new interwiki [[lo:Wiktionary:Community Portal]]
2014-10-09 22:46:00       interwiki.py, 1478 in        batchLoaded: INFO     [[fr:Wiktionnaire:Accueil communautaire]]: [[fr:Wiktionnaire:Accueil communautaire]] gives new interwiki [[nn:Wiktionary:Spørsmål og svar]]
2014-10-09 22:46:00       interwiki.py, 1478 in        batchLoaded: INFO     [[fr:Wiktionnaire:Accueil communautaire]]: [[fr:Wiktionnaire:Accueil communautaire]] gives new interwiki [[uk:Вікісловник:Портал спільноти]]
2014-10-09 22:46:00       interwiki.py, 1478 in        batchLoaded: INFO     [[fr:Wiktionnaire:Accueil communautaire]]: [[fr:Wiktionnaire:Accueil communautaire]] gives new interwiki [[jbo:Wiktionary:Community Portal]]
2014-10-09 22:46:00       interwiki.py, 1478 in        batchLoaded: INFO     [[fr:Wiktionnaire:Accueil communautaire]]: [[fr:Wiktionnaire:Accueil communautaire]] gives new interwiki [[ta:விக்சனரி:சமுதாய வலைவாசல்]]
2014-10-09 22:46:00       interwiki.py, 1478 in        batchLoaded: INFO     [[fr:Wiktionnaire:Accueil communautaire]]: [[fr:Wiktionnaire:Accueil communautaire]] gives new interwiki [[en:Wiktionary:Community Portal]]
2014-10-09 22:46:00       interwiki.py, 1478 in        batchLoaded: INFO     [[fr:Wiktionnaire:Accueil communautaire]]: [[fr:Wiktionnaire:Accueil communautaire]] gives new interwiki [[eu:Wiktionary:Community Portal]]
2014-10-09 22:46:00       interwiki.py, 1478 in        batchLoaded: INFO     [[fr:Wiktionnaire:Accueil communautaire]]: [[fr:Wiktionnaire:Accueil communautaire]] gives new interwiki [[ru:Викисловарь:Портал сообщества]]
2014-10-09 22:46:00       interwiki.py, 1478 in        batchLoaded: INFO     [[fr:Wiktionnaire:Accueil communautaire]]: [[fr:Wiktionnaire:Accueil communautaire]] gives new interwiki [[gu:વિક્શનરી:Community Portal]]
2014-10-09 22:46:00       interwiki.py, 1478 in        batchLoaded: INFO     [[fr:Wiktionnaire:Accueil communautaire]]: [[fr:Wiktionnaire:Accueil communautaire]] gives new interwiki [[tr:Vikisözlük:Topluluk portali]]
2014-10-09 22:46:00       interwiki.py, 1478 in        batchLoaded: INFO     [[fr:Wiktionnaire:Accueil communautaire]]: [[fr:Wiktionnaire:Accueil communautaire]] gives new interwiki [[te:విక్షనరీ:Community Portal]]
2014-10-09 22:46:00       wikipedia.py, 5469 in             getall: INFO     Getting 1 page from wiktionary:ar...
2014-10-09 22:46:00       wikipedia.py, 5227 in         headerDone: WARNING  Family file wiktionary contains version number 1.22wmf12, but it should be 1.25wmf2
2014-10-09 22:46:01       interwiki.py, 1478 in        batchLoaded: INFO     [[fr:Wiktionnaire:Accueil communautaire]]: [[ar:ويكاموس:بوابة المجتمع]] gives new interwiki [[cs:Wikislovník:Pod lípou]]
2014-10-09 22:46:01       interwiki.py, 1478 in        batchLoaded: INFO     [[fr:Wiktionnaire:Accueil communautaire]]: [[ar:ويكاموس:بوابة المجتمع]] gives new interwiki [[scn:Wikizziunariu:Cìrculu]]
2014-10-09 22:46:01       interwiki.py, 1478 in        batchLoaded: INFO     [[fr:Wiktionnaire:Accueil communautaire]]: [[ar:ويكاموس:بوابة المجتمع]] gives new interwiki [[sr:Викиречник:Трг]]
2014-10-09 22:46:01       interwiki.py, 1478 in        batchLoaded: INFO     [[fr:Wiktionnaire:Accueil communautaire]]: [[ar:ويكاموس:بوابة المجتمع]] gives new interwiki [[id:Wiktionary:Warung kopi]]
2014-10-09 22:46:01       interwiki.py, 1478 in        batchLoaded: INFO     [[fr:Wiktionnaire:Accueil communautaire]]: [[ar:ويكاموس:بوابة المجتمع]] gives new interwiki [[pl:Wikisłownik:Bar]]
2014-10-09 22:46:01       interwiki.py, 1478 in        batchLoaded: INFO     [[fr:Wiktionnaire:Accueil communautaire]]: [[ar:ويكاموس:بوابة المجتمع]] gives new interwiki [[ca:Viccionari:La taverna]]
2014-10-09 22:46:01       interwiki.py, 1478 in        batchLoaded: INFO     [[fr:Wiktionnaire:Accueil communautaire]]: [[ar:ويكاموس:بوابة المجتمع]] gives new interwiki [[da:Wiktionary:Landsbybrønden]]
2014-10-09 22:46:01       interwiki.py, 1478 in        batchLoaded: INFO     [[fr:Wiktionnaire:Accueil communautaire]]: [[ar:ويكاموس:بوابة المجتمع]] gives new interwiki [[vo:Vükivödabuk:Kafetar]]
2014-10-09 22:46:01       interwiki.py, 1478 in        batchLoaded: INFO     [[fr:Wiktionnaire:Accueil communautaire]]: [[ar:ويكاموس:بوابة المجتمع]] gives new interwiki [[fi:Wikisanakirja:Kahvihuone]]
2014-10-09 22:46:01       interwiki.py, 1478 in        batchLoaded: INFO     [[fr:Wiktionnaire:Accueil communautaire]]: [[ar:ويكاموس:بوابة المجتمع]] gives new interwiki [[bs:Vikirječnik:Čaršija]]
2014-10-09 22:46:01       interwiki.py, 1478 in        batchLoaded: INFO     [[fr:Wiktionnaire:Accueil communautaire]]: [[ar:ويكاموس:بوابة المجتمع]] gives new interwiki [[sh:Wiktionary:Pijaca-Пијаца]]
2014-10-09 22:46:01       interwiki.py, 1478 in        batchLoaded: INFO     [[fr:Wiktionnaire:Accueil communautaire]]: [[ar:ويكاموس:بوابة المجتمع]] gives new interwiki [[hu:Wikiszótár:Társalgó]]
2014-10-09 22:46:01       interwiki.py, 1478 in        batchLoaded: INFO     [[fr:Wiktionnaire:Accueil communautaire]]: [[ar:ويكاموس:بوابة المجتمع]] gives new interwiki [[nl:WikiWoordenboek:De Kroeg]]
2014-10-09 22:46:01       interwiki.py, 1478 in        batchLoaded: INFO     [[fr:Wiktionnaire:Accueil communautaire]]: [[ar:ويكاموس:بوابة المجتمع]] gives new interwiki [[hr:Wječnik:Konoba]]
2014-10-09 22:46:01       interwiki.py, 1478 in        batchLoaded: INFO     [[fr:Wiktionnaire:Accueil communautaire]]: [[ar:ويكاموس:بوابة المجتمع]] gives new interwiki [[la:Victionarium:Taberna]]
2014-10-09 22:46:02       interwiki.py, 1091 in  namespaceMismatch: INFO     NOTE: ignoring [[lb:Hëllef:Heefeg gestallte Froen]] and its interwiki links
2014-10-09 22:46:02       interwiki.py, 1478 in        batchLoaded: INFO     [[fr:Wiktionnaire:Accueil communautaire]]: [[ar:ويكاموس:بوابة المجتمع]] gives new interwiki [[ps:ويکيسيند:Community Portal]]
2014-10-09 22:46:02       interwiki.py, 1478 in        batchLoaded: INFO     [[fr:Wiktionnaire:Accueil communautaire]]: [[ar:ويكاموس:بوابة المجتمع]] gives new interwiki [[nds:Wiktionary:Teestuuv]]
2014-10-09 22:46:02       interwiki.py, 1478 in        batchLoaded: INFO     [[fr:Wiktionnaire:Accueil communautaire]]: [[ar:ويكاموس:بوابة المجتمع]] gives new interwiki [[gl:Wiktionary:Taberna]]
2014-10-09 22:46:02       interwiki.py, 1478 in        batchLoaded: INFO     [[fr:Wiktionnaire:Accueil communautaire]]: [[ar:ويكاموس:بوابة المجتمع]] gives new interwiki [[eo:Vikivortaro:Diskutejo]]
2014-10-09 22:46:02       interwiki.py, 1478 in        batchLoaded: INFO     [[fr:Wiktionnaire:Accueil communautaire]]: [[ar:ويكاموس:بوابة المجتمع]] gives new interwiki [[el:Βικιλεξικό:Βικιδημία]]
2014-10-09 22:46:02       interwiki.py, 1478 in        batchLoaded: INFO     [[fr:Wiktionnaire:Accueil communautaire]]: [[ar:ويكاموس:بوابة المجتمع]] gives new interwiki [[ga:Vicífhoclóir:Halla Baile]]
2014-10-09 22:46:02       interwiki.py, 1478 in        batchLoaded: INFO     [[fr:Wiktionnaire:Accueil communautaire]]: [[ar:ويكاموس:بوابة المجتمع]] gives new interwiki [[es:Wikcionario:Café]]
2014-10-09 22:46:02       interwiki.py, 1478 in        batchLoaded: INFO     [[fr:Wiktionnaire:Accueil communautaire]]: [[ar:ويكاموس:بوابة المجتمع]] gives new interwiki [[no:Wiktionary:Tinget]]
2014-10-09 22:46:02       wikipedia.py, 5469 in             getall: INFO     Getting 1 page from wiktionary:kl...
2014-10-09 22:46:03       wikipedia.py, 5227 in         headerDone: WARNING  Family file wiktionary contains version number 1.22wmf12, but it should be 1.25wmf2
2014-10-09 22:46:05       interwiki.py, 1472 in        batchLoaded: INFO     NOTE: [[fr:Wiktionnaire:Accueil communautaire]]: [[kl:Wiktionary:Community Portal]] gives duplicate interwiki on same site [[de:Wiktionary:Teestube]]
2014-10-09 22:46:05       interwiki.py, 1472 in        batchLoaded: INFO     NOTE: [[fr:Wiktionnaire:Accueil communautaire]]: [[kl:Wiktionary:Community Portal]] gives duplicate interwiki on same site [[sv:Wiktionary:Deltagarportalen]]
2014-10-09 22:46:05       wikipedia.py, 5469 in             getall: INFO     Getting 2 pages from wiktionary:de...
2014-10-09 22:46:08       wikipedia.py, 5227 in         headerDone: WARNING  Family file wiktionary contains version number 1.22wmf12, but it should be 1.25wmf2
2014-10-09 22:46:10       interwiki.py, 1472 in        batchLoaded: INFO     NOTE: [[fr:Wiktionnaire:Accueil communautaire]]: [[de:Wiktionary:Autorenportal]] gives duplicate interwiki on same site [[tr:Vikisözlük:Topluluk portalı]]
2014-10-09 22:46:10       interwiki.py, 1472 in        batchLoaded: INFO     NOTE: [[fr:Wiktionnaire:Accueil communautaire]]: [[de:Wiktionary:Autorenportal]] gives duplicate interwiki on same site [[pl:Wikisłownik:Pomoc]]
2014-10-09 22:46:10       interwiki.py, 1472 in        batchLoaded: INFO     NOTE: [[fr:Wiktionnaire:Accueil communautaire]]: [[de:Wiktionary:Autorenportal]] gives duplicate interwiki on same site [[af:Wiktionary:Geselshoekie]]
2014-10-09 22:46:10       interwiki.py, 1472 in        batchLoaded: INFO     NOTE: [[fr:Wiktionnaire:Accueil communautaire]]: [[de:Wiktionary:Autorenportal]] gives duplicate interwiki on same site [[fr:Wiktionnaire:Accueil]]
2014-10-09 22:46:10       interwiki.py, 1472 in        batchLoaded: INFO     NOTE: [[fr:Wiktionnaire:Accueil communautaire]]: [[de:Wiktionary:Autorenportal]] gives duplicate interwiki on same site [[nl:WikiWoordenboek:Gebruikersportaal]]
2014-10-09 22:46:13       interwiki.py, 1472 in        batchLoaded: INFO     NOTE: [[fr:Wiktionnaire:Accueil communautaire]]: [[de:Wiktionary:Teestube]] gives duplicate interwiki on same site [[oc:Wikiccionari:Wikidèmia]]
2014-10-09 22:46:13       interwiki.py, 1472 in        batchLoaded: INFO     NOTE: [[fr:Wiktionnaire:Accueil communautaire]]: [[de:Wiktionary:Teestube]] gives duplicate interwiki on same site [[br:Wikeriadur:Wikiakademiezh]]
2014-10-09 22:46:13       interwiki.py, 1472 in        batchLoaded: INFO     NOTE: [[fr:Wiktionnaire:Accueil communautaire]]: [[de:Wiktionary:Teestube]] gives duplicate interwiki on same site [[eu:Wiktionary:Txokoa]]
2014-10-09 22:46:13       interwiki.py, 1472 in        batchLoaded: INFO     NOTE: [[fr:Wiktionnaire:Accueil communautaire]]: [[de:Wiktionary:Teestube]] gives duplicate interwiki on same site [[tr:Vikisözlük:Köy çeşmesi]]
2014-10-09 22:46:13       wikipedia.py, 5469 in             getall: INFO     Getting 1 page from wiktionary:fr...
2014-10-09 22:46:13       wikipedia.py, 5227 in         headerDone: WARNING  Family file wiktionary contains version number 1.22wmf12, but it should be 1.25wmf2
2014-10-09 22:46:14       interwiki.py, 1321 in        batchLoaded: INFO     NOTE: [[fr:Wiktionnaire:Accueil]] is redirect to [[fr:Wiktionnaire:Page d’accueil]]
2014-10-09 22:46:14       interwiki.py, 1355 in        batchLoaded: INFO     [[fr:Wiktionnaire:Accueil communautaire]]: [[fr:Wiktionnaire:Accueil]] gives new redirect [[fr:Wiktionnaire:Page d’accueil]]
2014-10-09 22:46:14       wikipedia.py, 5469 in             getall: INFO     Getting 1 page from wiktionary:fr...
2014-10-09 22:46:15       wikipedia.py, 5227 in         headerDone: WARNING  Family file wiktionary contains version number 1.22wmf12, but it should be 1.25wmf2
2014-10-09 22:46:15         textlib.py,  436 in   getLanguageLinks: INFO     [getLanguageLinks] Text contains invalid interwiki link [[af:]].
2014-10-09 22:46:15         textlib.py,  436 in   getLanguageLinks: INFO     [getLanguageLinks] Text contains invalid interwiki link [[am:]].
2014-10-09 22:46:15         textlib.py,  436 in   getLanguageLinks: INFO     [getLanguageLinks] Text contains invalid interwiki link [[an:]].
2014-10-09 22:46:15         textlib.py,  436 in   getLanguageLinks: INFO     [getLanguageLinks] Text contains invalid interwiki link [[ang:]].
2014-10-09 22:46:15         textlib.py,  436 in   getLanguageLinks: INFO     [getLanguageLinks] Text contains invalid interwiki link [[ar:]].
2014-10-09 22:46:15         textlib.py,  436 in   getLanguageLinks: INFO     [getLanguageLinks] Text contains invalid interwiki link [[ast:]].
2014-10-09 22:46:15         textlib.py,  436 in   getLanguageLinks: INFO     [getLanguageLinks] Text contains invalid interwiki link [[ay:]].
2014-10-09 22:46:15         textlib.py,  436 in   getLanguageLinks: INFO     [getLanguageLinks] Text contains invalid interwiki link [[az:]].
2014-10-09 22:46:15         textlib.py,  436 in   getLanguageLinks: INFO     [getLanguageLinks] Text contains invalid interwiki link [[be:]].
2014-10-09 22:46:15         textlib.py,  436 in   getLanguageLinks: INFO     [getLanguageLinks] Text contains invalid interwiki link [[bg:]].
2014-10-09 22:46:15         textlib.py,  436 in   getLanguageLinks: INFO     [getLanguageLinks] Text contains invalid interwiki link [[bn:]].
2014-10-09 22:46:15         textlib.py,  436 in   getLanguageLinks: INFO     [getLanguageLinks] Text contains invalid interwiki link [[br:]].
2014-10-09 22:46:15         textlib.py,  436 in   getLanguageLinks: INFO     [getLanguageLinks] Text contains invalid interwiki link [[bs:]].
2014-10-09 22:46:15         textlib.py,  436 in   getLanguageLinks: INFO     [getLanguageLinks] Text contains invalid interwiki link [[ca:]].
2014-10-09 22:46:15         textlib.py,  436 in   getLanguageLinks: INFO     [getLanguageLinks] Text contains invalid interwiki link [[chr:]].
2014-10-09 22:46:15         textlib.py,  436 in   getLanguageLinks: INFO     [getLanguageLinks] Text contains invalid interwiki link [[co:]].
2014-10-09 22:46:15         textlib.py,  436 in   getLanguageLinks: INFO     [getLanguageLinks] Text contains invalid interwiki link [[cs:]].
2014-10-09 22:46:15         textlib.py,  436 in   getLanguageLinks: INFO     [getLanguageLinks] Text contains invalid interwiki link [[csb:]].
2014-10-09 22:46:15         textlib.py,  436 in   getLanguageLinks: INFO     [getLanguageLinks] Text contains invalid interwiki link [[cy:]].
2014-10-09 22:46:15         textlib.py,  436 in   getLanguageLinks: INFO     [getLanguageLinks] Text contains invalid interwiki link [[da:]].
2014-10-09 22:46:15         textlib.py,  436 in   getLanguageLinks: INFO     [getLanguageLinks] Text contains invalid interwiki link [[de:]].
2014-10-09 22:46:15         textlib.py,  436 in   getLanguageLinks: INFO     [getLanguageLinks] Text contains invalid interwiki link [[dv:]].
2014-10-09 22:46:15         textlib.py,  436 in   getLanguageLinks: INFO     [getLanguageLinks] Text contains invalid interwiki link [[el:]].
2014-10-09 22:46:15         textlib.py,  436 in   getLanguageLinks: INFO     [getLanguageLinks] Text contains invalid interwiki link [[en:]].
2014-10-09 22:46:15         textlib.py,  436 in   getLanguageLinks: INFO     [getLanguageLinks] Text contains invalid interwiki link [[eo:]].
2014-10-09 22:46:15         textlib.py,  436 in   getLanguageLinks: INFO     [getLanguageLinks] Text contains invalid interwiki link [[es:]].
2014-10-09 22:46:15         textlib.py,  436 in   getLanguageLinks: INFO     [getLanguageLinks] Text contains invalid interwiki link [[et:]].
2014-10-09 22:46:15         textlib.py,  436 in   getLanguageLinks: INFO     [getLanguageLinks] Text contains invalid interwiki link [[eu:]].
2014-10-09 22:46:15         textlib.py,  436 in   getLanguageLinks: INFO     [getLanguageLinks] Text contains invalid interwiki link [[fa:]].
2014-10-09 22:46:15         textlib.py,  436 in   getLanguageLinks: INFO     [getLanguageLinks] Text contains invalid interwiki link [[fi:]].
2014-10-09 22:46:15         textlib.py,  436 in   getLanguageLinks: INFO     [getLanguageLinks] Text contains invalid interwiki link [[fj:]].
2014-10-09 22:46:15         textlib.py,  436 in   getLanguageLinks: INFO     [getLanguageLinks] Text contains invalid interwiki link [[fo:]].
2014-10-09 22:46:15         textlib.py,  436 in   getLanguageLinks: INFO     [getLanguageLinks] Text contains invalid interwiki link [[fy:]].
2014-10-09 22:46:15         textlib.py,  436 in   getLanguageLinks: INFO     [getLanguageLinks] Text contains invalid interwiki link [[ga:]].
2014-10-09 22:46:15         textlib.py,  436 in   getLanguageLinks: INFO     [getLanguageLinks] Text contains invalid interwiki link [[gd:]].
2014-10-09 22:46:15         textlib.py,  436 in   getLanguageLinks: INFO     [getLanguageLinks] Text contains invalid interwiki link [[gl:]].
2014-10-09 22:46:15         textlib.py,  436 in   getLanguageLinks: INFO     [getLanguageLinks] Text contains invalid interwiki link [[gn:]].
2014-10-09 22:46:15         textlib.py,  436 in   getLanguageLinks: INFO     [getLanguageLinks] Text contains invalid interwiki link [[gu:]].
2014-10-09 22:46:15         textlib.py,  436 in   getLanguageLinks: INFO     [getLanguageLinks] Text contains invalid interwiki link [[gv:]].
2014-10-09 22:46:15         textlib.py,  436 in   getLanguageLinks: INFO     [getLanguageLinks] Text contains invalid interwiki link [[ha:]].
2014-10-09 22:46:15         textlib.py,  436 in   getLanguageLinks: INFO     [getLanguageLinks] Text contains invalid interwiki link [[he:]].
2014-10-09 22:46:15         textlib.py,  436 in   getLanguageLinks: INFO     [getLanguageLinks] Text contains invalid interwiki link [[hi:]].
2014-10-09 22:46:15         textlib.py,  436 in   getLanguageLinks: INFO     [getLanguageLinks] Text contains invalid interwiki link [[hr:]].
2014-10-09 22:46:15         textlib.py,  436 in   getLanguageLinks: INFO     [getLanguageLinks] Text contains invalid interwiki link [[hsb:]].
2014-10-09 22:46:15         textlib.py,  436 in   getLanguageLinks: INFO     [getLanguageLinks] Text contains invalid interwiki link [[hu:]].
2014-10-09 22:46:15         textlib.py,  436 in   getLanguageLinks: INFO     [getLanguageLinks] Text contains invalid interwiki link [[hy:]].
2014-10-09 22:46:15         textlib.py,  436 in   getLanguageLinks: INFO     [getLanguageLinks] Text contains invalid interwiki link [[ia:]].
2014-10-09 22:46:15         textlib.py,  436 in   getLanguageLinks: INFO     [getLanguageLinks] Text contains invalid interwiki link [[id:]].
2014-10-09 22:46:15         textlib.py,  436 in   getLanguageLinks: INFO     [getLanguageLinks] Text contains invalid interwiki link [[ie:]].
2014-10-09 22:46:15         textlib.py,  436 in   getLanguageLinks: INFO     [getLanguageLinks] Text contains invalid interwiki link [[io:]].
2014-10-09 22:46:15         textlib.py,  436 in   getLanguageLinks: INFO     [getLanguageLinks] Text contains invalid interwiki link [[is:]].
2014-10-09 22:46:15         textlib.py,  436 in   getLanguageLinks: INFO     [getLanguageLinks] Text contains invalid interwiki link [[it:]].
2014-10-09 22:46:15         textlib.py,  436 in   getLanguageLinks: INFO     [getLanguageLinks] Text contains invalid interwiki link [[iu:]].
2014-10-09 22:46:15         textlib.py,  436 in   getLanguageLinks: INFO     [getLanguageLinks] Text contains invalid interwiki link [[ja:]].
2014-10-09 22:46:15         textlib.py,  436 in   getLanguageLinks: INFO     [getLanguageLinks] Text contains invalid interwiki link [[jbo:]].
2014-10-09 22:46:15         textlib.py,  436 in   getLanguageLinks: INFO     [getLanguageLinks] Text contains invalid interwiki link [[jv:]].
2014-10-09 22:46:15         textlib.py,  436 in   getLanguageLinks: INFO     [getLanguageLinks] Text contains invalid interwiki link [[ka:]].
2014-10-09 22:46:15         textlib.py,  436 in   getLanguageLinks: INFO     [getLanguageLinks] Text contains invalid interwiki link [[kk:]].
2014-10-09 22:46:15         textlib.py,  436 in   getLanguageLinks: INFO     [getLanguageLinks] Text contains invalid interwiki link [[kl:]].
2014-10-09 22:46:15         textlib.py,  436 in   getLanguageLinks: INFO     [getLanguageLinks] Text contains invalid interwiki link [[km:]].
2014-10-09 22:46:15         textlib.py,  436 in   getLanguageLinks: INFO     [getLanguageLinks] Text contains invalid interwiki link [[kn:]].
2014-10-09 22:46:15         textlib.py,  436 in   getLanguageLinks: INFO     [getLanguageLinks] Text contains invalid interwiki link [[ko:]].
2014-10-09 22:46:15         textlib.py,  436 in   getLanguageLinks: INFO     [getLanguageLinks] Text contains invalid interwiki link [[ks:]].
2014-10-09 22:46:15         textlib.py,  436 in   getLanguageLinks: INFO     [getLanguageLinks] Text contains invalid interwiki link [[ku:]].
2014-10-09 22:46:15         textlib.py,  436 in   getLanguageLinks: INFO     [getLanguageLinks] Text contains invalid interwiki link [[kw:]].
2014-10-09 22:46:15         textlib.py,  436 in   getLanguageLinks: INFO     [getLanguageLinks] Text contains invalid interwiki link [[ky:]].
2014-10-09 22:46:15         textlib.py,  436 in   getLanguageLinks: INFO     [getLanguageLinks] Text contains invalid interwiki link [[la:]].
2014-10-09 22:46:15         textlib.py,  436 in   getLanguageLinks: INFO     [getLanguageLinks] Text contains invalid interwiki link [[lb:]].
2014-10-09 22:46:15         textlib.py,  436 in   getLanguageLinks: INFO     [getLanguageLinks] Text contains invalid interwiki link [[li:]].
2014-10-09 22:46:15         textlib.py,  436 in   getLanguageLinks: INFO     [getLanguageLinks] Text contains invalid interwiki link [[ln:]].
2014-10-09 22:46:15         textlib.py,  436 in   getLanguageLinks: INFO     [getLanguageLinks] Text contains invalid interwiki link [[lo:]].
2014-10-09 22:46:15         textlib.py,  436 in   getLanguageLinks: INFO     [getLanguageLinks] Text contains invalid interwiki link [[lt:]].
2014-10-09 22:46:15         textlib.py,  436 in   getLanguageLinks: INFO     [getLanguageLinks] Text contains invalid interwiki link [[lv:]].
2014-10-09 22:46:15         textlib.py,  436 in   getLanguageLinks: INFO     [getLanguageLinks] Text contains invalid interwiki link [[mg:]].
2014-10-09 22:46:15         textlib.py,  436 in   getLanguageLinks: INFO     [getLanguageLinks] Text contains invalid interwiki link [[mi:]].
2014-10-09 22:46:15         textlib.py,  436 in   getLanguageLinks: INFO     [getLanguageLinks] Text contains invalid interwiki link [[mk:]].
2014-10-09 22:46:15         textlib.py,  436 in   getLanguageLinks: INFO     [getLanguageLinks] Text contains invalid interwiki link [[ml:]].
2014-10-09 22:46:15         textlib.py,  436 in   getLanguageLinks: INFO     [getLanguageLinks] Text contains invalid interwiki link [[mn:]].
2014-10-09 22:46:15         textlib.py,  436 in   getLanguageLinks: INFO     [getLanguageLinks] Text contains invalid interwiki link [[mr:]].
2014-10-09 22:46:15         textlib.py,  436 in   getLanguageLinks: INFO     [getLanguageLinks] Text contains invalid interwiki link [[ms:]].
2014-10-09 22:46:15         textlib.py,  436 in   getLanguageLinks: INFO     [getLanguageLinks] Text contains invalid interwiki link [[mt:]].
2014-10-09 22:46:15         textlib.py,  436 in   getLanguageLinks: INFO     [getLanguageLinks] Text contains invalid interwiki link [[my:]].
2014-10-09 22:46:15         textlib.py,  436 in   getLanguageLinks: INFO     [getLanguageLinks] Text contains invalid interwiki link [[na:]].
2014-10-09 22:46:15         textlib.py,  436 in   getLanguageLinks: INFO     [getLanguageLinks] Text contains invalid interwiki link [[nah:]].
2014-10-09 22:46:15         textlib.py,  436 in   getLanguageLinks: INFO     [getLanguageLinks] Text contains invalid interwiki link [[nds:]].
2014-10-09 22:46:15         textlib.py,  436 in   getLanguageLinks: INFO     [getLanguageLinks] Text contains invalid interwiki link [[ne:]].
2014-10-09 22:46:15         textlib.py,  436 in   getLanguageLinks: INFO     [getLanguageLinks] Text contains invalid interwiki link [[nl:]].
2014-10-09 22:46:15         textlib.py,  436 in   getLanguageLinks: INFO     [getLanguageLinks] Text contains invalid interwiki link [[nn:]].
2014-10-09 22:46:15         textlib.py,  436 in   getLanguageLinks: INFO     [getLanguageLinks] Text contains invalid interwiki link [[no:]].
2014-10-09 22:46:15         textlib.py,  436 in   getLanguageLinks: INFO     [getLanguageLinks] Text contains invalid interwiki link [[oc:]].
2014-10-09 22:46:15         textlib.py,  436 in   getLanguageLinks: INFO     [getLanguageLinks] Text contains invalid interwiki link [[om:]].
2014-10-09 22:46:15         textlib.py,  436 in   getLanguageLinks: INFO     [getLanguageLinks] Text contains invalid interwiki link [[or:]].
2014-10-09 22:46:15         textlib.py,  436 in   getLanguageLinks: INFO     [getLanguageLinks] Text contains invalid interwiki link [[pa:]].
2014-10-09 22:46:15         textlib.py,  436 in   getLanguageLinks: INFO     [getLanguageLinks] Text contains invalid interwiki link [[pl:]].
2014-10-09 22:46:15         textlib.py,  436 in   getLanguageLinks: INFO     [getLanguageLinks] Text contains invalid interwiki link [[pnb:]].
2014-10-09 22:46:15         textlib.py,  436 in   getLanguageLinks: INFO     [getLanguageLinks] Text contains invalid interwiki link [[ps:]].
2014-10-09 22:46:15         textlib.py,  436 in   getLanguageLinks: INFO     [getLanguageLinks] Text contains invalid interwiki link [[pt:]].
2014-10-09 22:46:15         textlib.py,  436 in   getLanguageLinks: INFO     [getLanguageLinks] Text contains invalid interwiki link [[ro:]].
2014-10-09 22:46:15         textlib.py,  436 in   getLanguageLinks: INFO     [getLanguageLinks] Text contains invalid interwiki link [[roa-rup:]].
2014-10-09 22:46:15         textlib.py,  436 in   getLanguageLinks: INFO     [getLanguageLinks] Text contains invalid interwiki link [[ru:]].
2014-10-09 22:46:15         textlib.py,  436 in   getLanguageLinks: INFO     [getLanguageLinks] Text contains invalid interwiki link [[rw:]].
2014-10-09 22:46:15         textlib.py,  436 in   getLanguageLinks: INFO     [getLanguageLinks] Text contains invalid interwiki link [[sa:]].
2014-10-09 22:46:15         textlib.py,  436 in   getLanguageLinks: INFO     [getLanguageLinks] Text contains invalid interwiki link [[scn:]].
2014-10-09 22:46:15         textlib.py,  436 in   getLanguageLinks: INFO     [getLanguageLinks] Text contains invalid interwiki link [[sd:]].
2014-10-09 22:46:15         textlib.py,  436 in   getLanguageLinks: INFO     [getLanguageLinks] Text contains invalid interwiki link [[sg:]].
2014-10-09 22:46:15         textlib.py,  436 in   getLanguageLinks: INFO     [getLanguageLinks] Text contains invalid interwiki link [[sh:]].
2014-10-09 22:46:15         textlib.py,  436 in   getLanguageLinks: INFO     [getLanguageLinks] Text contains invalid interwiki link [[si:]].
2014-10-09 22:46:15         textlib.py,  436 in   getLanguageLinks: INFO     [getLanguageLinks] Text contains invalid interwiki link [[simple:]].
2014-10-09 22:46:15         textlib.py,  436 in   getLanguageLinks: INFO     [getLanguageLinks] Text contains invalid interwiki link [[sk:]].
2014-10-09 22:46:15         textlib.py,  436 in   getLanguageLinks: INFO     [getLanguageLinks] Text contains invalid interwiki link [[sl:]].
2014-10-09 22:46:15         textlib.py,  436 in   getLanguageLinks: INFO     [getLanguageLinks] Text contains invalid interwiki link [[sm:]].
2014-10-09 22:46:15         textlib.py,  436 in   getLanguageLinks: INFO     [getLanguageLinks] Text contains invalid interwiki link [[so:]].
2014-10-09 22:46:15         textlib.py,  436 in   getLanguageLinks: INFO     [getLanguageLinks] Text contains invalid interwiki link [[sq:]].
2014-10-09 22:46:15         textlib.py,  436 in   getLanguageLinks: INFO     [getLanguageLinks] Text contains invalid interwiki link [[sr:]].
2014-10-09 22:46:15         textlib.py,  436 in   getLanguageLinks: INFO     [getLanguageLinks] Text contains invalid interwiki link [[ss:]].
2014-10-09 22:46:15         textlib.py,  436 in   getLanguageLinks: INFO     [getLanguageLinks] Text contains invalid interwiki link [[st:]].
2014-10-09 22:46:15         textlib.py,  436 in   getLanguageLinks: INFO     [getLanguageLinks] Text contains invalid interwiki link [[su:]].
2014-10-09 22:46:15         textlib.py,  436 in   getLanguageLinks: INFO     [getLanguageLinks] Text contains invalid interwiki link [[sv:]].
2014-10-09 22:46:15         textlib.py,  436 in   getLanguageLinks: INFO     [getLanguageLinks] Text contains invalid interwiki link [[sw:]].
2014-10-09 22:46:15         textlib.py,  436 in   getLanguageLinks: INFO     [getLanguageLinks] Text contains invalid interwiki link [[ta:]].
2014-10-09 22:46:15         textlib.py,  436 in   getLanguageLinks: INFO     [getLanguageLinks] Text contains invalid interwiki link [[te:]].
2014-10-09 22:46:15         textlib.py,  436 in   getLanguageLinks: INFO     [getLanguageLinks] Text contains invalid interwiki link [[tg:]].
2014-10-09 22:46:15         textlib.py,  436 in   getLanguageLinks: INFO     [getLanguageLinks] Text contains invalid interwiki link [[th:]].
2014-10-09 22:46:15         textlib.py,  436 in   getLanguageLinks: INFO     [getLanguageLinks] Text contains invalid interwiki link [[ti:]].
2014-10-09 22:46:15         textlib.py,  436 in   getLanguageLinks: INFO     [getLanguageLinks] Text contains invalid interwiki link [[tk:]].
2014-10-09 22:46:15         textlib.py,  436 in   getLanguageLinks: INFO     [getLanguageLinks] Text contains invalid interwiki link [[tl:]].
2014-10-09 22:46:15         textlib.py,  436 in   getLanguageLinks: INFO     [getLanguageLinks] Text contains invalid interwiki link [[tn:]].
2014-10-09 22:46:15         textlib.py,  436 in   getLanguageLinks: INFO     [getLanguageLinks] Text contains invalid interwiki link [[tpi:]].
2014-10-09 22:46:15         textlib.py,  436 in   getLanguageLinks: INFO     [getLanguageLinks] Text contains invalid interwiki link [[tr:]].
2014-10-09 22:46:15         textlib.py,  436 in   getLanguageLinks: INFO     [getLanguageLinks] Text contains invalid interwiki link [[ts:]].
2014-10-09 22:46:15         textlib.py,  436 in   getLanguageLinks: INFO     [getLanguageLinks] Text contains invalid interwiki link [[tt:]].
2014-10-09 22:46:15         textlib.py,  436 in   getLanguageLinks: INFO     [getLanguageLinks] Text contains invalid interwiki link [[ug:]].
2014-10-09 22:46:15         textlib.py,  436 in   getLanguageLinks: INFO     [getLanguageLinks] Text contains invalid interwiki link [[uk:]].
2014-10-09 22:46:15         textlib.py,  436 in   getLanguageLinks: INFO     [getLanguageLinks] Text contains invalid interwiki link [[ur:]].
2014-10-09 22:46:15         textlib.py,  436 in   getLanguageLinks: INFO     [getLanguageLinks] Text contains invalid interwiki link [[uz:]].
2014-10-09 22:46:15         textlib.py,  436 in   getLanguageLinks: INFO     [getLanguageLinks] Text contains invalid interwiki link [[vi:]].
2014-10-09 22:46:15         textlib.py,  436 in   getLanguageLinks: INFO     [getLanguageLinks] Text contains invalid interwiki link [[vo:]].
2014-10-09 22:46:15         textlib.py,  436 in   getLanguageLinks: INFO     [getLanguageLinks] Text contains invalid interwiki link [[wa:]].
2014-10-09 22:46:15         textlib.py,  436 in   getLanguageLinks: INFO     [getLanguageLinks] Text contains invalid interwiki link [[yi:]].
2014-10-09 22:46:15         textlib.py,  436 in   getLanguageLinks: INFO     [getLanguageLinks] Text contains invalid interwiki link [[wo:]].
2014-10-09 22:46:15         textlib.py,  436 in   getLanguageLinks: INFO     [getLanguageLinks] Text contains invalid interwiki link [[za:]].
2014-10-09 22:46:15         textlib.py,  436 in   getLanguageLinks: INFO     [getLanguageLinks] Text contains invalid interwiki link [[zh:]].
2014-10-09 22:46:15         textlib.py,  436 in   getLanguageLinks: INFO     [getLanguageLinks] Text contains invalid interwiki link [[zh-min-nan:]].
2014-10-09 22:46:15         textlib.py,  436 in   getLanguageLinks: INFO     [getLanguageLinks] Text contains invalid interwiki link [[zu:]].
2014-10-09 22:46:15       wikipedia.py, 5469 in             getall: INFO     Getting 3 pages from wiktionary:tr...
2014-10-09 22:46:16       wikipedia.py, 5227 in         headerDone: WARNING  Family file wiktionary contains version number 1.22wmf12, but it should be 1.25wmf2
2014-10-09 22:46:17       interwiki.py, 1321 in        batchLoaded: INFO     NOTE: [[tr:Vikisözlük:Topluluk portalı]] is redirect to [[tr:Vikisözlük:Topluluk portali]]
2014-10-09 22:46:17       wikipedia.py, 5469 in             getall: INFO     Getting 2 pages from wiktionary:pl...
2014-10-09 22:46:20       wikipedia.py, 5227 in         headerDone: WARNING  Family file wiktionary contains version number 1.22wmf12, but it should be 1.25wmf2
2014-10-09 22:46:28       interwiki.py, 1472 in        batchLoaded: INFO     NOTE: [[fr:Wiktionnaire:Accueil communautaire]]: [[pl:Wikisłownik:Bar]] gives duplicate interwiki on same site [[ko:위키낱말사전:자유게시판]]
2014-10-09 22:46:28       interwiki.py, 1472 in        batchLoaded: INFO     NOTE: [[fr:Wiktionnaire:Accueil communautaire]]: [[pl:Wikisłownik:Bar]] gives duplicate interwiki on same site [[pt:Wikcionário:Esplanada]]
2014-10-09 22:46:28       interwiki.py, 1472 in        batchLoaded: INFO     NOTE: [[fr:Wiktionnaire:Accueil communautaire]]: [[pl:Wikisłownik:Bar]] gives duplicate interwiki on same site [[cy:Wiciadur:Y Dafarn]]
2014-10-09 22:46:28       interwiki.py, 1472 in        batchLoaded: INFO     NOTE: [[fr:Wiktionnaire:Accueil communautaire]]: [[pl:Wikisłownik:Bar]] gives duplicate interwiki on same site [[ru:Викисловарь:Организационные вопросы]]
2014-10-09 22:46:30       interwiki.py, 1062 in  namespaceMismatch: INFO     NOTE: Ignoring link from page [[pl:Wikisłownik:Bar]] in namespace 4 to page [[co:Wikizziunariu:Cumunità]] in namespace 0 because page [[co:Wiktionary:Community Portal]] in the correct namespace has already been found.
2014-10-09 22:46:30       interwiki.py, 1472 in        batchLoaded: INFO     NOTE: [[fr:Wiktionnaire:Accueil communautaire]]: [[pl:Wikisłownik:Bar]] gives duplicate interwiki on same site [[it:Wikizionario:Bar]]
2014-10-09 22:46:30       interwiki.py, 1472 in        batchLoaded: INFO     NOTE: [[fr:Wiktionnaire:Accueil communautaire]]: [[pl:Wikisłownik:Bar]] gives duplicate interwiki on same site [[zh:Wiktionary:啤酒馆]]
2014-10-09 22:46:30       interwiki.py, 1472 in        batchLoaded: INFO     NOTE: [[fr:Wiktionnaire:Accueil communautaire]]: [[pl:Wikisłownik:Bar]] gives duplicate interwiki on same site [[fr:Wiktionnaire:Wikidémie]]
2014-10-09 22:46:30       interwiki.py, 1472 in        batchLoaded: INFO     NOTE: [[fr:Wiktionnaire:Accueil communautaire]]: [[pl:Wikisłownik:Bar]] gives duplicate interwiki on same site [[ms:Wiktionary:Kedai Kopi]]
2014-10-09 22:46:30       interwiki.py, 1472 in        batchLoaded: INFO     NOTE: [[fr:Wiktionnaire:Accueil communautaire]]: [[pl:Wikisłownik:Bar]] gives duplicate interwiki on same site [[lt:Vikižodynas:Baras]]
2014-10-09 22:46:31       interwiki.py, 1062 in  namespaceMismatch: INFO     NOTE: Ignoring link from page [[pl:Wikisłownik:Bar]] in namespace 4 to page [[hi:विकिपीडिया:गाँव का पम्प]] in namespace 0 because page [[hi:विक्षनरी:Community Portal]] in the correct namespace has already been found.
2014-10-09 22:46:31       interwiki.py, 1472 in        batchLoaded: INFO     NOTE: [[fr:Wiktionnaire:Accueil communautaire]]: [[pl:Wikisłownik:Bar]] gives duplicate interwiki on same site [[ja:Wiktionary:編集室]]
2014-10-09 22:46:31       interwiki.py, 1472 in        batchLoaded: INFO     NOTE: [[fr:Wiktionnaire:Accueil communautaire]]: [[pl:Wikisłownik:Bar]] gives duplicate interwiki on same site [[sv:Wiktionary:Bybrunnen]]
2014-10-09 22:46:31       interwiki.py, 1472 in        batchLoaded: INFO     NOTE: [[fr:Wiktionnaire:Accueil communautaire]]: [[pl:Wikisłownik:Bar]] gives duplicate interwiki on same site [[en:Wiktionary:Beer parlour]]
2014-10-09 22:46:31       interwiki.py, 1472 in        batchLoaded: INFO     NOTE: [[fr:Wiktionnaire:Accueil communautaire]]: [[pl:Wikisłownik:Pomoc]] gives duplicate interwiki on same site [[da:Wiktionary:OSS]]
2014-10-09 22:46:31       interwiki.py, 1472 in        batchLoaded: INFO     NOTE: [[fr:Wiktionnaire:Accueil communautaire]]: [[pl:Wikisłownik:Pomoc]] gives duplicate interwiki on same site [[ko:위키낱말사전:FAQ]]
2014-10-09 22:46:31       interwiki.py, 1472 in        batchLoaded: INFO     NOTE: [[fr:Wiktionnaire:Accueil communautaire]]: [[pl:Wikisłownik:Pomoc]] gives duplicate interwiki on same site [[de:Wiktionary:Portal]]
2014-10-09 22:46:31       interwiki.py, 1472 in        batchLoaded: INFO     NOTE: [[fr:Wiktionnaire:Accueil communautaire]]: [[pl:Wikisłownik:Pomoc]] gives duplicate interwiki on same site [[vi:Wiktionary:Câu thường hỏi]]
2014-10-09 22:46:31       interwiki.py, 1472 in        batchLoaded: INFO     NOTE: [[fr:Wiktionnaire:Accueil communautaire]]: [[pl:Wikisłownik:Pomoc]] gives duplicate interwiki on same site [[he:ויקימילון:שאלות ותשובות]]
2014-10-09 22:46:33       interwiki.py, 1062 in  namespaceMismatch: INFO     NOTE: Ignoring link from page [[pl:Wikisłownik:Pomoc]] in namespace 4 to page [[pt:Ajuda:FAQ]] in namespace 12 because page [[pt:Wikcionário:Portal comunitário]] in the correct namespace has already been found.
2014-10-09 22:46:33       interwiki.py, 1472 in        batchLoaded: INFO     NOTE: [[fr:Wiktionnaire:Accueil communautaire]]: [[pl:Wikisłownik:Pomoc]] gives duplicate interwiki on same site [[sr:Викиречник:НПП]]
2014-10-09 22:46:33       interwiki.py, 1472 in        batchLoaded: INFO     NOTE: [[fr:Wiktionnaire:Accueil communautaire]]: [[pl:Wikisłownik:Pomoc]] gives duplicate interwiki on same site [[nl:WikiWoordenboek:Veelgestelde vragen]]
2014-10-09 22:46:33       interwiki.py, 1472 in        batchLoaded: INFO     NOTE: [[fr:Wiktionnaire:Accueil communautaire]]: [[pl:Wikisłownik:Pomoc]] gives duplicate interwiki on same site [[ja:Wiktionary:FAQ]]
2014-10-09 22:46:35       interwiki.py, 1062 in  namespaceMismatch: INFO     NOTE: Ignoring link from page [[pl:Wikisłownik:Pomoc]] in namespace 4 to page [[sv:Hjälp:FAQ]] in namespace 12 because page [[sv:Wiktionary:Deltagarportalen]] in the correct namespace has already been found.
2014-10-09 22:46:35       interwiki.py, 1472 in        batchLoaded: INFO     NOTE: [[fr:Wiktionnaire:Accueil communautaire]]: [[pl:Wikisłownik:Pomoc]] gives duplicate interwiki on same site [[es:Wikcionario:FAQ]]
2014-10-09 22:46:35       interwiki.py, 1472 in        batchLoaded: INFO     NOTE: [[fr:Wiktionnaire:Accueil communautaire]]: [[pl:Wikisłownik:Pomoc]] gives duplicate interwiki on same site [[zh:Wiktionary:常见问题解答]]
2014-10-09 22:47:15       interwiki.py, 1091 in  namespaceMismatch: INFO     NOTE: ignoring [[ro:Wikţionar:Întrebări frecvente]] and its interwiki links
2014-10-09 22:47:15       interwiki.py, 1472 in        batchLoaded: INFO     NOTE: [[fr:Wiktionnaire:Accueil communautaire]]: [[pl:Wikisłownik:Pomoc]] gives duplicate interwiki on same site [[fr:Wiktionnaire:FAQ]]
2014-10-09 22:47:16       interwiki.py, 1062 in  namespaceMismatch: INFO     NOTE: Ignoring link from page [[pl:Wikisłownik:Pomoc]] in namespace 4 to page [[it:Aiuto:FAQ]] in namespace 12 because page [[it:Wikizionario:Portale Comunità]] in the correct namespace has already been found.
2014-10-09 22:47:16       wikipedia.py, 5469 in             getall: INFO     Getting 2 pages from wiktionary:fr...
2014-10-09 22:47:17       wikipedia.py, 5227 in         headerDone: WARNING  Family file wiktionary contains version number 1.22wmf12, but it should be 1.25wmf2
2014-10-09 22:47:17       interwiki.py, 1472 in        batchLoaded: INFO     NOTE: [[fr:Wiktionnaire:Accueil communautaire]]: [[fr:Wiktionnaire:Wikidémie]] gives duplicate interwiki on same site [[ar:ويكاموس:الميدان]]
2014-10-09 22:47:17       interwiki.py, 1062 in  namespaceMismatch: INFO     NOTE: Ignoring link from page [[fr:Wiktionnaire:Wikidémie]] in namespace 4 to page [[co:Wikizziunariu:Cumunità]] in namespace 0 because page [[co:Wiktionary:Community Portal]] in the correct namespace has already been found.
2014-10-09 22:47:17       interwiki.py, 1062 in  namespaceMismatch: INFO     NOTE: Ignoring link from page [[fr:Wiktionnaire:Wikidémie]] in namespace 4 to page [[hi:विकिपीडिया:गाँव का पम्प]] in namespace 0 because page [[hi:विक्षनरी:Community Portal]] in the correct namespace has already been found.
2014-10-09 22:47:17       interwiki.py, 1321 in        batchLoaded: INFO     NOTE: [[fr:Wiktionnaire:FAQ]] is redirect to [[fr:Aide:FAQ]]
2014-10-09 22:47:17       interwiki.py, 1062 in  namespaceMismatch: INFO     NOTE: Ignoring link from page [[fr:Wiktionnaire:FAQ]] in namespace 4 to page [[fr:Aide:FAQ]] in namespace 12 because page [[fr:Wiktionnaire:Accueil communautaire]] in the correct namespace has already been found.
2014-10-09 22:47:17       wikipedia.py, 5469 in             getall: INFO     Getting 3 pages from wiktionary:ko...
2014-10-09 22:47:19       wikipedia.py, 5227 in         headerDone: WARNING  Family file wiktionary contains version number 1.22wmf12, but it should be 1.25wmf2
2014-10-09 22:47:19       wikipedia.py, 5258 in         headerDone: WARNING  Outdated family file wiktionary: namespace['ko'][-1] is '특수기능', but should be '특수'
2014-10-09 22:47:19       interwiki.py, 1472 in        batchLoaded: INFO     NOTE: [[fr:Wiktionnaire:Accueil communautaire]]: [[ko:위키낱말사전:편집실]] gives duplicate interwiki on same site [[pt:Wikcionário:Portal Comunitário]]
2014-10-09 22:47:19       interwiki.py, 1472 in        batchLoaded: INFO     NOTE: [[fr:Wiktionnaire:Accueil communautaire]]: [[ko:위키낱말사전:편집실]] gives duplicate interwiki on same site [[cy:Wiciadur:Portal cymunedol]]
2014-10-09 22:47:19       interwiki.py, 1062 in  namespaceMismatch: INFO     NOTE: Ignoring link from page [[ko:위키낱말사전:FAQ]] in namespace 4 to page [[de:Hilfe:Häufig gestellte Fragen]] in namespace 12 because page [[de:Wiktionary:Autorenportal]] in the correct namespace has already been found.
2014-10-09 22:47:19       interwiki.py, 1062 in  namespaceMismatch: INFO     NOTE: Ignoring link from page [[ko:위키낱말사전:FAQ]] in namespace 4 to page [[pt:Ajuda:FAQ]] in namespace 12 because page [[pt:Wikcionário:Portal comunitário]] in the correct namespace has already been found.
2014-10-09 22:47:19       interwiki.py, 1472 in        batchLoaded: INFO     NOTE: [[fr:Wiktionnaire:Accueil communautaire]]: [[ko:위키낱말사전:FAQ]] gives duplicate interwiki on same site [[en:Wiktionary:FAQ]]
2014-10-09 22:47:19       interwiki.py, 1472 in        batchLoaded: INFO     NOTE: [[fr:Wiktionnaire:Accueil communautaire]]: [[ko:위키낱말사전:FAQ]] gives duplicate interwiki on same site [[pl:Wikisłownik:FAQ]]
2014-10-09 22:47:19       interwiki.py, 1062 in  namespaceMismatch: INFO     NOTE: Ignoring link from page [[ko:위키낱말사전:FAQ]] in namespace 4 to page [[sv:Hjälp:FAQ]] in namespace 12 because page [[sv:Wiktionary:Deltagarportalen]] in the correct namespace has already been found.
2014-10-09 22:47:19       interwiki.py, 1062 in  namespaceMismatch: INFO     NOTE: Ignoring link from page [[ko:위키낱말사전:FAQ]] in namespace 4 to page [[it:Aiuto:FAQ]] in namespace 12 because page [[it:Wikizionario:Portale Comunità]] in the correct namespace has already been found.
2014-10-09 22:47:19       wikipedia.py, 5469 in             getall: INFO     Getting 3 pages from wiktionary:pt...
2014-10-09 22:47:20       wikipedia.py, 5227 in         headerDone: WARNING  Family file wiktionary contains version number 1.22wmf12, but it should be 1.25wmf2
2014-10-09 22:47:20       interwiki.py, 1062 in  namespaceMismatch: INFO     NOTE: Ignoring link from page [[pt:Wikcionário:Esplanada]] in namespace 4 to page [[co:Wikizziunariu:Cumunità]] in namespace 0 because page [[co:Wiktionary:Community Portal]] in the correct namespace has already been found.
2014-10-09 22:47:20       interwiki.py, 1062 in  namespaceMismatch: INFO     NOTE: Ignoring link from page [[pt:Wikcionário:Esplanada]] in namespace 4 to page [[hi:विकिपीडिया:गाँव का पम्प]] in namespace 0 because page [[hi:विक्षनरी:Community Portal]] in the correct namespace has already been found.
2014-10-09 22:47:20       interwiki.py, 1290 in        batchLoaded: INFO     NOTE: [[pt:Wikcionário:Portal Comunitário]] does not exist. Skipping.
2014-10-09 22:47:20       wikipedia.py, 5469 in             getall: INFO     Getting 3 pages from wiktionary:cy...
2014-10-09 22:47:21       interwiki.py, 2173 in               dump: INFO     Dump fr (wiktionary) appended.
2014-10-09 22:52:11       interwiki.py, 2185 in       generateMore: INFO     NOTE: Number of pages queued is 0, trying to add 60 more.
2014-10-09 22:52:11       wikipedia.py, 5469 in             getall: INFO     Getting 1 page from wiktionary:fr...
2014-10-09 22:52:11       wikipedia.py, 5227 in         headerDone: WARNING  Family file wiktionary contains version number 1.22wmf12, but it should be 1.25wmf2
2014-10-09 22:52:12       interwiki.py, 1478 in        batchLoaded: INFO     [[fr:Wiktionnaire:Accueil communautaire]]: [[fr:Wiktionnaire:Accueil communautaire]] gives new interwiki [[ar:ويكاموس:بوابة المجتمع]]
2014-10-09 22:52:12       interwiki.py, 1478 in        batchLoaded: INFO     [[fr:Wiktionnaire:Accueil communautaire]]: [[fr:Wiktionnaire:Accueil communautaire]] gives new interwiki [[ko:위키낱말사전:편집실]]
2014-10-09 22:52:12       interwiki.py, 1478 in        batchLoaded: INFO     [[fr:Wiktionnaire:Accueil communautaire]]: [[fr:Wiktionnaire:Accueil communautaire]] gives new interwiki [[ts:Wiktionary:Community Portal]]
2014-10-09 22:52:12       interwiki.py, 1478 in        batchLoaded: INFO     [[fr:Wiktionnaire:Accueil communautaire]]: [[fr:Wiktionnaire:Accueil communautaire]] gives new interwiki [[io:Wikivortaro:Komuneso-portalo]]
2014-10-09 22:52:12       interwiki.py, 1478 in        batchLoaded: INFO     [[fr:Wiktionnaire:Accueil communautaire]]: [[fr:Wiktionnaire:Accueil communautaire]] gives new interwiki [[kl:Wiktionary:Community Portal]]
2014-10-09 22:52:12       interwiki.py, 1478 in        batchLoaded: INFO     [[fr:Wiktionnaire:Accueil communautaire]]: [[fr:Wiktionnaire:Accueil communautaire]] gives new interwiki [[pt:Wikcionário:Portal comunitário]]
2014-10-09 22:52:12       interwiki.py, 1478 in        batchLoaded: INFO     [[fr:Wiktionnaire:Accueil communautaire]]: [[fr:Wiktionnaire:Accueil communautaire]] gives new interwiki [[az:Wiktionary:Community Portal]]
2014-10-09 22:52:12       interwiki.py, 1478 in        batchLoaded: INFO     [[fr:Wiktionnaire:Accueil communautaire]]: [[fr:Wiktionnaire:Accueil communautaire]] gives new interwiki [[ay:Wiktionary:Community Portal]]
2014-10-09 22:52:12       interwiki.py, 1478 in        batchLoaded: INFO     [[fr:Wiktionnaire:Accueil communautaire]]: [[fr:Wiktionnaire:Accueil communautaire]] gives new interwiki [[cy:Wiciadur:Porth y Gymuned]]
2014-10-09 22:52:12       interwiki.py, 1478 in        batchLoaded: INFO     [[fr:Wiktionnaire:Accueil communautaire]]: [[fr:Wiktionnaire:Accueil communautaire]] gives new interwiki [[mr:विक्शनरी:Community Portal]]
2014-10-09 22:52:12       interwiki.py, 1478 in        batchLoaded: INFO     [[fr:Wiktionnaire:Accueil communautaire]]: [[fr:Wiktionnaire:Accueil communautaire]] gives new interwiki [[ie:Wiktionary:Págine del comunité]]
2014-10-09 22:52:12       interwiki.py, 1478 in        batchLoaded: INFO     [[fr:Wiktionnaire:Accueil communautaire]]: [[fr:Wiktionnaire:Accueil communautaire]] gives new interwiki [[mg:Wiktionary:Community Portal]]
2014-10-09 22:52:12       interwiki.py, 1478 in        batchLoaded: INFO     [[fr:Wiktionnaire:Accueil communautaire]]: [[fr:Wiktionnaire:Accueil communautaire]] gives new interwiki [[or:Wiktionary:ସଙ୍ଘ ଆଲୋଚନା ସଭା]]
2014-10-09 22:52:12       interwiki.py, 1478 in        batchLoaded: INFO     [[fr:Wiktionnaire:Accueil communautaire]]: [[fr:Wiktionnaire:Accueil communautaire]] gives new interwiki [[ky:Wiktionary:Community Portal]]
2014-10-09 22:52:12       interwiki.py, 1478 in        batchLoaded: INFO     [[fr:Wiktionnaire:Accueil communautaire]]: [[fr:Wiktionnaire:Accueil communautaire]] gives new interwiki [[af:Wiktionary:Community Portal]]
2014-10-09 22:52:12       interwiki.py, 1478 in        batchLoaded: INFO     [[fr:Wiktionnaire:Accueil communautaire]]: [[fr:Wiktionnaire:Accueil communautaire]] gives new interwiki [[oc:Wikiccionari:Community Portal]]
2014-10-09 22:52:12       interwiki.py, 1478 in        batchLoaded: INFO     [[fr:Wiktionnaire:Accueil communautaire]]: [[fr:Wiktionnaire:Accueil communautaire]] gives new interwiki [[ti:Wiktionary:Community Portal]]
2014-10-09 22:52:12       interwiki.py, 1478 in        batchLoaded: INFO     [[fr:Wiktionnaire:Accueil communautaire]]: [[fr:Wiktionnaire:Accueil communautaire]] gives new interwiki [[is:Wikiorðabók:Potturinn]]
2014-10-09 22:52:12       interwiki.py, 1478 in        batchLoaded: INFO     [[fr:Wiktionnaire:Accueil communautaire]]: [[fr:Wiktionnaire:Accueil communautaire]] gives new interwiki [[sa:Wiktionary:Community Portal]]
2014-10-09 22:52:12       interwiki.py, 1478 in        batchLoaded: INFO     [[fr:Wiktionnaire:Accueil communautaire]]: [[fr:Wiktionnaire:Accueil communautaire]] gives new interwiki [[co:Wiktionary:Community Portal]]
2014-10-09 22:52:12       interwiki.py, 1478 in        batchLoaded: INFO     [[fr:Wiktionnaire:Accueil communautaire]]: [[fr:Wiktionnaire:Accueil communautaire]] gives new interwiki [[tk:Wikisözlük:Community Portal]]
2014-10-09 22:52:12       interwiki.py, 1478 in        batchLoaded: INFO     [[fr:Wiktionnaire:Accueil communautaire]]: [[fr:Wiktionnaire:Accueil communautaire]] gives new interwiki [[ast:Uiccionariu:Portal de la comunidá]]
2014-10-09 22:52:12       interwiki.py, 1478 in        batchLoaded: INFO     [[fr:Wiktionnaire:Accueil communautaire]]: [[fr:Wiktionnaire:Accueil communautaire]] gives new interwiki [[tn:Wiktionary:Community Portal]]
2014-10-09 22:52:12       interwiki.py, 1478 in        batchLoaded: INFO     [[fr:Wiktionnaire:Accueil communautaire]]: [[fr:Wiktionnaire:Accueil communautaire]] gives new interwiki [[it:Wikizionario:Portale Comunità]]
2014-10-09 22:52:12       interwiki.py, 1478 in        batchLoaded: INFO     [[fr:Wiktionnaire:Accueil communautaire]]: [[fr:Wiktionnaire:Accueil communautaire]] gives new interwiki [[de:Wiktionary:Autorenportal]]
2014-10-09 22:52:12       interwiki.py, 1478 in        batchLoaded: INFO     [[fr:Wiktionnaire:Accueil communautaire]]: [[fr:Wiktionnaire:Accueil communautaire]] gives new interwiki [[nah:Wiktionary:Tlecuitl]]
2014-10-09 22:52:12       interwiki.py, 1478 in        batchLoaded: INFO     [[fr:Wiktionnaire:Accueil communautaire]]: [[fr:Wiktionnaire:Accueil communautaire]] gives new interwiki [[fa:ویکی‌واژه:قهوه‌خانه]]
2014-10-09 22:52:12       interwiki.py, 1478 in        batchLoaded: INFO     [[fr:Wiktionnaire:Accueil communautaire]]: [[fr:Wiktionnaire:Accueil communautaire]] gives new interwiki [[simple:Wiktionary:Community Portal]]
2014-10-09 22:52:12       interwiki.py, 1478 in        batchLoaded: INFO     [[fr:Wiktionnaire:Accueil communautaire]]: [[fr:Wiktionnaire:Accueil communautaire]] gives new interwiki [[zh:Wiktionary:社区主页]]
2014-10-09 22:52:12       interwiki.py, 1478 in        batchLoaded: INFO     [[fr:Wiktionnaire:Accueil communautaire]]: [[fr:Wiktionnaire:Accueil communautaire]] gives new interwiki [[he:ויקימילון:שער הקהילה]]
2014-10-09 22:52:12       interwiki.py, 1478 in        batchLoaded: INFO     [[fr:Wiktionnaire:Accueil communautaire]]: [[fr:Wiktionnaire:Accueil communautaire]] gives new interwiki [[om:Wiktionary:Community Portal]]
2014-10-09 22:52:12       interwiki.py, 1478 in        batchLoaded: INFO     [[fr:Wiktionnaire:Accueil communautaire]]: [[fr:Wiktionnaire:Accueil communautaire]] gives new interwiki [[br:Wikeriadur:Community Portal]]
2014-10-09 22:52:12       interwiki.py, 1478 in        batchLoaded: INFO     [[fr:Wiktionnaire:Accueil communautaire]]: [[fr:Wiktionnaire:Accueil communautaire]] gives new interwiki [[ha:Wiktionary:Community Portal]]
2014-10-09 22:52:12       interwiki.py, 1478 in        batchLoaded: INFO     [[fr:Wiktionnaire:Accueil communautaire]]: [[fr:Wiktionnaire:Accueil communautaire]] gives new interwiki [[vi:Wiktionary:Cộng đồng]]
2014-10-09 22:52:12       interwiki.py, 1478 in        batchLoaded: INFO     [[fr:Wiktionnaire:Accueil communautaire]]: [[fr:Wiktionnaire:Accueil communautaire]] gives new interwiki [[ms:Wiktionary:Portal Masyarakat]]
2014-10-09 22:52:12       interwiki.py, 1478 in        batchLoaded: INFO     [[fr:Wiktionnaire:Accueil communautaire]]: [[fr:Wiktionnaire:Accueil communautaire]] gives new interwiki [[ur:وکی لغت:Community Portal]]
2014-10-09 22:52:12       interwiki.py, 1478 in        batchLoaded: INFO     [[fr:Wiktionnaire:Accueil communautaire]]: [[fr:Wiktionnaire:Accueil communautaire]] gives new interwiki [[lt:Vikižodynas:Bendruomenės portalas]]
2014-10-09 22:52:12       interwiki.py, 1478 in        batchLoaded: INFO     [[fr:Wiktionnaire:Accueil communautaire]]: [[fr:Wiktionnaire:Accueil communautaire]] gives new interwiki [[hi:विक्षनरी:Community Portal]]
2014-10-09 22:52:12       interwiki.py, 1051 in  namespaceMismatch: INFO     NOTE: Ignoring link from page [[fr:Wiktionnaire:Accueil communautaire]] in namespace 4 to page [[lv:Vikivārdnīca:Diskusiju telpa]] in namespace 0.
2014-10-09 22:52:12       interwiki.py, 1478 in        batchLoaded: INFO     [[fr:Wiktionnaire:Accueil communautaire]]: [[fr:Wiktionnaire:Accueil communautaire]] gives new interwiki [[ja:Wiktionary:コミュニティ・ポータル]]
2014-10-09 22:52:12       interwiki.py, 1478 in        batchLoaded: INFO     [[fr:Wiktionnaire:Accueil communautaire]]: [[fr:Wiktionnaire:Accueil communautaire]] gives new interwiki [[ug:Wiktionary:Community Portal]]
2014-10-09 22:52:12       interwiki.py, 1478 in        batchLoaded: INFO     [[fr:Wiktionnaire:Accueil communautaire]]: [[fr:Wiktionnaire:Accueil communautaire]] gives new interwiki [[st:Wiktionary:Community Portal]]
2014-10-09 22:52:12       interwiki.py, 1478 in        batchLoaded: INFO     [[fr:Wiktionnaire:Accueil communautaire]]: [[fr:Wiktionnaire:Accueil communautaire]] gives new interwiki [[sw:Wiktionary:Community Portal]]
2014-10-09 22:52:12       interwiki.py, 1478 in        batchLoaded: INFO     [[fr:Wiktionnaire:Accueil communautaire]]: [[fr:Wiktionnaire:Accueil communautaire]] gives new interwiki [[sv:Wiktionary:Kollektivportal]]
2014-10-09 22:52:12       interwiki.py, 1478 in        batchLoaded: INFO     [[fr:Wiktionnaire:Accueil communautaire]]: [[fr:Wiktionnaire:Accueil communautaire]] gives new interwiki [[ln:Wiktionary:Community Portal]]
2014-10-09 22:52:12       interwiki.py, 1478 in        batchLoaded: INFO     [[fr:Wiktionnaire:Accueil communautaire]]: [[fr:Wiktionnaire:Accueil communautaire]] gives new interwiki [[lo:Wiktionary:Community Portal]]
2014-10-09 22:52:12       interwiki.py, 1478 in        batchLoaded: INFO     [[fr:Wiktionnaire:Accueil communautaire]]: [[fr:Wiktionnaire:Accueil communautaire]] gives new interwiki [[nn:Wiktionary:Spørsmål og svar]]
2014-10-09 22:52:12       interwiki.py, 1478 in        batchLoaded: INFO     [[fr:Wiktionnaire:Accueil communautaire]]: [[fr:Wiktionnaire:Accueil communautaire]] gives new interwiki [[uk:Вікісловник:Портал спільноти]]
2014-10-09 22:52:12       interwiki.py, 1478 in        batchLoaded: INFO     [[fr:Wiktionnaire:Accueil communautaire]]: [[fr:Wiktionnaire:Accueil communautaire]] gives new interwiki [[jbo:Wiktionary:Community Portal]]
2014-10-09 22:52:12       interwiki.py, 1478 in        batchLoaded: INFO     [[fr:Wiktionnaire:Accueil communautaire]]: [[fr:Wiktionnaire:Accueil communautaire]] gives new interwiki [[ta:விக்சனரி:சமுதாய வலைவாசல்]]
2014-10-09 22:52:12       interwiki.py, 1478 in        batchLoaded: INFO     [[fr:Wiktionnaire:Accueil communautaire]]: [[fr:Wiktionnaire:Accueil communautaire]] gives new interwiki [[en:Wiktionary:Community Portal]]
2014-10-09 22:52:12       interwiki.py, 1478 in        batchLoaded: INFO     [[fr:Wiktionnaire:Accueil communautaire]]: [[fr:Wiktionnaire:Accueil communautaire]] gives new interwiki [[eu:Wiktionary:Community Portal]]
2014-10-09 22:52:12       interwiki.py, 1478 in        batchLoaded: INFO     [[fr:Wiktionnaire:Accueil communautaire]]: [[fr:Wiktionnaire:Accueil communautaire]] gives new interwiki [[ru:Викисловарь:Портал сообщества]]
2014-10-09 22:52:12       interwiki.py, 1478 in        batchLoaded: INFO     [[fr:Wiktionnaire:Accueil communautaire]]: [[fr:Wiktionnaire:Accueil communautaire]] gives new interwiki [[gu:વિક્શનરી:Community Portal]]
2014-10-09 22:52:12       interwiki.py, 1478 in        batchLoaded: INFO     [[fr:Wiktionnaire:Accueil communautaire]]: [[fr:Wiktionnaire:Accueil communautaire]] gives new interwiki [[tr:Vikisözlük:Topluluk portali]]
2014-10-09 22:52:12       interwiki.py, 1478 in        batchLoaded: INFO     [[fr:Wiktionnaire:Accueil communautaire]]: [[fr:Wiktionnaire:Accueil communautaire]] gives new interwiki [[te:విక్షనరీ:Community Portal]]
2014-10-09 22:52:12       wikipedia.py, 5469 in             getall: INFO     Getting 1 page from wiktionary:ar...
2014-10-09 22:52:13       wikipedia.py, 5227 in         headerDone: WARNING  Family file wiktionary contains version number 1.22wmf12, but it should be 1.25wmf2
2014-10-09 22:52:13       interwiki.py, 1478 in        batchLoaded: INFO     [[fr:Wiktionnaire:Accueil communautaire]]: [[ar:ويكاموس:بوابة المجتمع]] gives new interwiki [[cs:Wikislovník:Pod lípou]]
2014-10-09 22:52:13       interwiki.py, 1478 in        batchLoaded: INFO     [[fr:Wiktionnaire:Accueil communautaire]]: [[ar:ويكاموس:بوابة المجتمع]] gives new interwiki [[scn:Wikizziunariu:Cìrculu]]
2014-10-09 22:52:13       interwiki.py, 1478 in        batchLoaded: INFO     [[fr:Wiktionnaire:Accueil communautaire]]: [[ar:ويكاموس:بوابة المجتمع]] gives new interwiki [[sr:Викиречник:Трг]]
2014-10-09 22:52:13       interwiki.py, 1478 in        batchLoaded: INFO     [[fr:Wiktionnaire:Accueil communautaire]]: [[ar:ويكاموس:بوابة المجتمع]] gives new interwiki [[id:Wiktionary:Warung kopi]]
2014-10-09 22:52:13       interwiki.py, 1478 in        batchLoaded: INFO     [[fr:Wiktionnaire:Accueil communautaire]]: [[ar:ويكاموس:بوابة المجتمع]] gives new interwiki [[pl:Wikisłownik:Bar]]
2014-10-09 22:52:13       interwiki.py, 1478 in        batchLoaded: INFO     [[fr:Wiktionnaire:Accueil communautaire]]: [[ar:ويكاموس:بوابة المجتمع]] gives new interwiki [[ca:Viccionari:La taverna]]
2014-10-09 22:52:13       interwiki.py, 1478 in        batchLoaded: INFO     [[fr:Wiktionnaire:Accueil communautaire]]: [[ar:ويكاموس:بوابة المجتمع]] gives new interwiki [[da:Wiktionary:Landsbybrønden]]
2014-10-09 22:52:13       interwiki.py, 1478 in        batchLoaded: INFO     [[fr:Wiktionnaire:Accueil communautaire]]: [[ar:ويكاموس:بوابة المجتمع]] gives new interwiki [[vo:Vükivödabuk:Kafetar]]
2014-10-09 22:52:13       interwiki.py, 1478 in        batchLoaded: INFO     [[fr:Wiktionnaire:Accueil communautaire]]: [[ar:ويكاموس:بوابة المجتمع]] gives new interwiki [[fi:Wikisanakirja:Kahvihuone]]
2014-10-09 22:52:13       interwiki.py, 1478 in        batchLoaded: INFO     [[fr:Wiktionnaire:Accueil communautaire]]: [[ar:ويكاموس:بوابة المجتمع]] gives new interwiki [[bs:Vikirječnik:Čaršija]]
2014-10-09 22:52:13       interwiki.py, 1478 in        batchLoaded: INFO     [[fr:Wiktionnaire:Accueil communautaire]]: [[ar:ويكاموس:بوابة المجتمع]] gives new interwiki [[sh:Wiktionary:Pijaca-Пијаца]]
2014-10-09 22:52:13       interwiki.py, 1478 in        batchLoaded: INFO     [[fr:Wiktionnaire:Accueil communautaire]]: [[ar:ويكاموس:بوابة المجتمع]] gives new interwiki [[hu:Wikiszótár:Társalgó]]
2014-10-09 22:52:13       interwiki.py, 1478 in        batchLoaded: INFO     [[fr:Wiktionnaire:Accueil communautaire]]: [[ar:ويكاموس:بوابة المجتمع]] gives new interwiki [[nl:WikiWoordenboek:De Kroeg]]
2014-10-09 22:52:13       interwiki.py, 1478 in        batchLoaded: INFO     [[fr:Wiktionnaire:Accueil communautaire]]: [[ar:ويكاموس:بوابة المجتمع]] gives new interwiki [[hr:Wječnik:Konoba]]
2014-10-09 22:52:13       interwiki.py, 1478 in        batchLoaded: INFO     [[fr:Wiktionnaire:Accueil communautaire]]: [[ar:ويكاموس:بوابة المجتمع]] gives new interwiki [[la:Victionarium:Taberna]]
2014-10-09 22:52:13       interwiki.py, 1051 in  namespaceMismatch: INFO     NOTE: Ignoring link from page [[ar:ويكاموس:بوابة المجتمع]] in namespace 4 to page [[lb:Hëllef:Heefeg gestallte Froen]] in namespace 12.
2014-10-09 22:52:13       interwiki.py, 1478 in        batchLoaded: INFO     [[fr:Wiktionnaire:Accueil communautaire]]: [[ar:ويكاموس:بوابة المجتمع]] gives new interwiki [[ps:ويکيسيند:Community Portal]]
2014-10-09 22:52:13       interwiki.py, 1478 in        batchLoaded: INFO     [[fr:Wiktionnaire:Accueil communautaire]]: [[ar:ويكاموس:بوابة المجتمع]] gives new interwiki [[nds:Wiktionary:Teestuuv]]
2014-10-09 22:52:13       interwiki.py, 1478 in        batchLoaded: INFO     [[fr:Wiktionnaire:Accueil communautaire]]: [[ar:ويكاموس:بوابة المجتمع]] gives new interwiki [[gl:Wiktionary:Taberna]]
2014-10-09 22:52:13       interwiki.py, 1478 in        batchLoaded: INFO     [[fr:Wiktionnaire:Accueil communautaire]]: [[ar:ويكاموس:بوابة المجتمع]] gives new interwiki [[eo:Vikivortaro:Diskutejo]]
2014-10-09 22:52:13       interwiki.py, 1478 in        batchLoaded: INFO     [[fr:Wiktionnaire:Accueil communautaire]]: [[ar:ويكاموس:بوابة المجتمع]] gives new interwiki [[el:Βικιλεξικό:Βικιδημία]]
2014-10-09 22:52:13       interwiki.py, 1478 in        batchLoaded: INFO     [[fr:Wiktionnaire:Accueil communautaire]]: [[ar:ويكاموس:بوابة المجتمع]] gives new interwiki [[ga:Vicífhoclóir:Halla Baile]]
2014-10-09 22:52:13       interwiki.py, 1478 in        batchLoaded: INFO     [[fr:Wiktionnaire:Accueil communautaire]]: [[ar:ويكاموس:بوابة المجتمع]] gives new interwiki [[es:Wikcionario:Café]]
2014-10-09 22:52:13       interwiki.py, 1478 in        batchLoaded: INFO     [[fr:Wiktionnaire:Accueil communautaire]]: [[ar:ويكاموس:بوابة المجتمع]] gives new interwiki [[no:Wiktionary:Tinget]]
2014-10-09 22:52:13       wikipedia.py, 5469 in             getall: INFO     Getting 1 page from wiktionary:kl...
2014-10-09 22:52:15       wikipedia.py, 5227 in         headerDone: WARNING  Family file wiktionary contains version number 1.22wmf12, but it should be 1.25wmf2
2014-10-09 22:52:16       interwiki.py, 1472 in        batchLoaded: INFO     NOTE: [[fr:Wiktionnaire:Accueil communautaire]]: [[kl:Wiktionary:Community Portal]] gives duplicate interwiki on same site [[de:Wiktionary:Teestube]]
2014-10-09 22:52:16       interwiki.py, 1472 in        batchLoaded: INFO     NOTE: [[fr:Wiktionnaire:Accueil communautaire]]: [[kl:Wiktionary:Community Portal]] gives duplicate interwiki on same site [[sv:Wiktionary:Deltagarportalen]]
2014-10-09 22:52:16       wikipedia.py, 5469 in             getall: INFO     Getting 2 pages from wiktionary:de...
2014-10-09 22:52:19       wikipedia.py, 5227 in         headerDone: WARNING  Family file wiktionary contains version number 1.22wmf12, but it should be 1.25wmf2
2014-10-09 22:52:22       interwiki.py, 1472 in        batchLoaded: INFO     NOTE: [[fr:Wiktionnaire:Accueil communautaire]]: [[de:Wiktionary:Autorenportal]] gives duplicate interwiki on same site [[tr:Vikisözlük:Topluluk portalı]]
2014-10-09 22:52:22       interwiki.py, 1472 in        batchLoaded: INFO     NOTE: [[fr:Wiktionnaire:Accueil communautaire]]: [[de:Wiktionary:Autorenportal]] gives duplicate interwiki on same site [[pl:Wikisłownik:Pomoc]]
2014-10-09 22:52:22       interwiki.py, 1472 in        batchLoaded: INFO     NOTE: [[fr:Wiktionnaire:Accueil communautaire]]: [[de:Wiktionary:Autorenportal]] gives duplicate interwiki on same site [[af:Wiktionary:Geselshoekie]]
2014-10-09 22:52:22       interwiki.py, 1472 in        batchLoaded: INFO     NOTE: [[fr:Wiktionnaire:Accueil communautaire]]: [[de:Wiktionary:Autorenportal]] gives duplicate interwiki on same site [[fr:Wiktionnaire:Accueil]]
2014-10-09 22:52:22       interwiki.py, 1472 in        batchLoaded: INFO     NOTE: [[fr:Wiktionnaire:Accueil communautaire]]: [[de:Wiktionary:Autorenportal]] gives duplicate interwiki on same site [[nl:WikiWoordenboek:Gebruikersportaal]]
2014-10-09 22:52:23       interwiki.py, 1425 in        batchLoaded: INFO     Stopping work on [[fr:Wiktionnaire:Accueil communautaire]] because duplicate pages [[de:Wiktionary:Autorenportal]] and [[de:Wiktionary:Teestube]] are found
2014-10-09 22:52:23       interwiki.py, 1652 in             finish: INFO     ======Aborted processing [[fr:Wiktionnaire:Accueil communautaire]]======
