2015-05-02 13:07:31       interwiki.py, 2185 in       generateMore: INFO     NOTE: Number of pages queued is 0, trying to add 60 more.
2015-05-02 13:07:31  pagegenerators.py, 1029 in   DayPageGenerator: INFO     Starting with [[1 janvier]]
2015-05-02 13:07:31  titletranslate.py,  107 in          translate: INFO     TitleTranslate: 1 janvier was recognized as Day_January with value 1
2015-05-02 13:07:31  titletranslate.py,  107 in          translate: INFO     TitleTranslate: 2 janvier was recognized as Day_January with value 2
2015-05-02 13:07:31  titletranslate.py,  107 in          translate: INFO     TitleTranslate: 3 janvier was recognized as Day_January with value 3
2015-05-02 13:07:31  titletranslate.py,  107 in          translate: INFO     TitleTranslate: 4 janvier was recognized as Day_January with value 4
2015-05-02 13:07:32  titletranslate.py,  107 in          translate: INFO     TitleTranslate: 5 janvier was recognized as Day_January with value 5
2015-05-02 13:07:32  titletranslate.py,  107 in          translate: INFO     TitleTranslate: 6 janvier was recognized as Day_January with value 6
2015-05-02 13:07:32  titletranslate.py,  107 in          translate: INFO     TitleTranslate: 7 janvier was recognized as Day_January with value 7
2015-05-02 13:07:32  titletranslate.py,  107 in          translate: INFO     TitleTranslate: 8 janvier was recognized as Day_January with value 8
2015-05-02 13:07:32  titletranslate.py,  107 in          translate: INFO     TitleTranslate: 9 janvier was recognized as Day_January with value 9
2015-05-02 13:07:32  titletranslate.py,  107 in          translate: INFO     TitleTranslate: 10 janvier was recognized as Day_January with value 10
2015-05-02 13:07:32  titletranslate.py,  107 in          translate: INFO     TitleTranslate: 11 janvier was recognized as Day_January with value 11
2015-05-02 13:07:32  titletranslate.py,  107 in          translate: INFO     TitleTranslate: 12 janvier was recognized as Day_January with value 12
2015-05-02 13:07:32  titletranslate.py,  107 in          translate: INFO     TitleTranslate: 13 janvier was recognized as Day_January with value 13
2015-05-02 13:07:32  titletranslate.py,  107 in          translate: INFO     TitleTranslate: 14 janvier was recognized as Day_January with value 14
2015-05-02 13:07:32  titletranslate.py,  107 in          translate: INFO     TitleTranslate: 15 janvier was recognized as Day_January with value 15
2015-05-02 13:07:32  titletranslate.py,  107 in          translate: INFO     TitleTranslate: 16 janvier was recognized as Day_January with value 16
2015-05-02 13:07:32  titletranslate.py,  107 in          translate: INFO     TitleTranslate: 17 janvier was recognized as Day_January with value 17
2015-05-02 13:07:32  titletranslate.py,  107 in          translate: INFO     TitleTranslate: 18 janvier was recognized as Day_January with value 18
2015-05-02 13:07:33  titletranslate.py,  107 in          translate: INFO     TitleTranslate: 19 janvier was recognized as Day_January with value 19
2015-05-02 13:07:33  titletranslate.py,  107 in          translate: INFO     TitleTranslate: 20 janvier was recognized as Day_January with value 20
2015-05-02 13:07:33  titletranslate.py,  107 in          translate: INFO     TitleTranslate: 21 janvier was recognized as Day_January with value 21
2015-05-02 13:07:33  titletranslate.py,  107 in          translate: INFO     TitleTranslate: 22 janvier was recognized as Day_January with value 22
2015-05-02 13:07:33  titletranslate.py,  107 in          translate: INFO     TitleTranslate: 23 janvier was recognized as Day_January with value 23
2015-05-02 13:07:33  titletranslate.py,  107 in          translate: INFO     TitleTranslate: 24 janvier was recognized as Day_January with value 24
2015-05-02 13:07:33  titletranslate.py,  107 in          translate: INFO     TitleTranslate: 25 janvier was recognized as Day_January with value 25
2015-05-02 13:07:33  titletranslate.py,  107 in          translate: INFO     TitleTranslate: 26 janvier was recognized as Day_January with value 26
2015-05-02 13:07:33  titletranslate.py,  107 in          translate: INFO     TitleTranslate: 27 janvier was recognized as Day_January with value 27
2015-05-02 13:07:33  titletranslate.py,  107 in          translate: INFO     TitleTranslate: 28 janvier was recognized as Day_January with value 28
2015-05-02 13:07:33       interwiki.py, 2173 in               dump: INFO     Dump fr (wiktionary) appended.
2015-05-02 13:08:38       wikipedia.py, 5469 in             getall: INFO     Getting 1 page from wiktionary:fr...
2015-05-02 13:08:39       wikipedia.py, 5227 in         headerDone: WARNING  Family file wiktionary contains version number 1.22wmf12, but it should be 1.26wmf3
2015-05-02 13:08:39       interwiki.py, 1290 in        batchLoaded: INFO     NOTE: [[fr:-always]] does not exist. Skipping.
2015-05-02 13:08:39       interwiki.py, 1660 in             finish: INFO     ======Post-processing [[fr:-always]]======
2015-05-02 13:08:39       interwiki.py, 1843 in       replaceLinks: INFO     Not editing [[fr:-always]]: page does not exist
2015-05-02 13:08:39       interwiki.py, 2092 in    reportBacklinks: WARNING  Page [[fr:-always]] does no longer exist?!
2015-05-02 13:08:55       interwiki.py, 2173 in               dump: INFO     Dump fr (wiktionary) appended.
2015-05-02 13:10:45       interwiki.py, 2185 in       generateMore: INFO     NOTE: Number of pages queued is 0, trying to add 60 more.
2015-05-02 13:10:45         userlib.py,  331 in      contributions: INFO     Retrieving 250 user contributions from wiktionary:fr...
2015-05-02 13:10:47       interwiki.py, 2173 in               dump: INFO     Dump fr (wiktionary) appended.
2015-05-02 14:37:19       interwiki.py, 2173 in       generateMore: INFO     NOTE: Number of pages queued is 0, trying to add 50 more.
2015-05-02 14:37:19         userlib.py,  331 in      contributions: INFO     Retrieving 250 user contributions from wiktionary:fr...
2015-05-02 14:37:23       wikipedia.py, 5469 in             getall: INFO     Getting 50 pages from wiktionary:fr...
2015-05-02 14:37:24       wikipedia.py, 5227 in         headerDone: WARNING  Family file wiktionary contains version number 1.22wmf12, but it should be 1.26wmf3
2015-05-02 14:37:25       interwiki.py, 2161 in               dump: INFO     Dump fr (wiktionary) appended.
2015-05-02 14:38:17       interwiki.py, 2173 in       generateMore: INFO     NOTE: Number of pages queued is 0, trying to add 50 more.
2015-05-02 14:38:17         userlib.py,  331 in      contributions: INFO     Retrieving 250 user contributions from wiktionary:fr...
2015-05-02 14:38:22       wikipedia.py, 6014 in             getall: INFO     Getting 50 pages from wiktionary:fr...
2015-05-02 14:38:22       wikipedia.py, 5745 in         headerDone: WARNING  Family file wiktionary contains version number 1.22wmf12, but it should be 1.26wmf3
2015-05-02 14:38:22       wikipedia.py, 5657 in                run: ERROR    SaxParseBug caused error ValueError: time data u'20150502123400' does not match format '%Y-%m-%dT%H:%M:%SZ'
. Dump SaxParseBug_wiktionary-fr__Sat_May_02_14-38-22_2015.dump created.
2015-05-02 14:38:23  pagegenerators.py, 1240 in           __iter__: INFO     time data u'20150502123400' does not match format '%Y-%m-%dT%H:%M:%SZ'
2015-05-02 14:38:24       interwiki.py, 1199 in reportInterwikilessPage: INFO     NOTE: [[fr:visibilmente]] does not have any interwiki links
2015-05-02 14:38:25       interwiki.py, 1199 in reportInterwikilessPage: INFO     NOTE: [[fr:densamente]] does not have any interwiki links
2015-05-02 14:38:28       interwiki.py, 1199 in reportInterwikilessPage: INFO     NOTE: [[fr:sessualmente]] does not have any interwiki links
2015-05-02 14:38:29       interwiki.py, 1199 in reportInterwikilessPage: INFO     NOTE: [[fr:necessariamente]] does not have any interwiki links
2015-05-02 14:38:31       interwiki.py, 1199 in reportInterwikilessPage: INFO     NOTE: [[fr:sporadicamente]] does not have any interwiki links
2015-05-02 14:38:32       interwiki.py, 1199 in reportInterwikilessPage: INFO     NOTE: [[fr:aspramente]] does not have any interwiki links
2015-05-02 14:38:34       interwiki.py, 1199 in reportInterwikilessPage: INFO     NOTE: [[fr:inaspettatamente]] does not have any interwiki links
2015-05-02 14:38:37       interwiki.py, 1199 in reportInterwikilessPage: INFO     NOTE: [[fr:audacemente]] does not have any interwiki links
2015-05-02 14:38:41       interwiki.py, 1199 in reportInterwikilessPage: INFO     NOTE: [[fr:imparzialmente]] does not have any interwiki links
2015-05-02 14:38:43       interwiki.py, 1199 in reportInterwikilessPage: INFO     NOTE: [[fr:gradualmente]] does not have any interwiki links
2015-05-02 14:38:48       interwiki.py, 1199 in reportInterwikilessPage: INFO     NOTE: [[fr:fissamente]] does not have any interwiki links
2015-05-02 14:38:49       interwiki.py, 1199 in reportInterwikilessPage: INFO     NOTE: [[fr:ardentemente]] does not have any interwiki links
2015-05-02 14:38:51       interwiki.py, 1199 in reportInterwikilessPage: INFO     NOTE: [[fr:esageratamente]] does not have any interwiki links
2015-05-02 14:38:55       interwiki.py, 1199 in reportInterwikilessPage: INFO     NOTE: [[fr:effettivamente]] does not have any interwiki links
2015-05-02 14:38:57       interwiki.py, 1199 in reportInterwikilessPage: INFO     NOTE: [[fr:assiduamente]] does not have any interwiki links
2015-05-02 14:39:00       interwiki.py, 1199 in reportInterwikilessPage: INFO     NOTE: [[fr:concretamente]] does not have any interwiki links
2015-05-02 14:39:01       interwiki.py, 1199 in reportInterwikilessPage: INFO     NOTE: [[fr:adeguatamente]] does not have any interwiki links
2015-05-02 14:39:04       interwiki.py, 1199 in reportInterwikilessPage: INFO     NOTE: [[fr:comunemente]] does not have any interwiki links
2015-05-02 14:39:06       interwiki.py, 2171 in       generateMore: INFO     NOTE: The first unfinished subject is [[fr:visibilmente]]
2015-05-02 14:39:06       interwiki.py, 2173 in       generateMore: INFO     NOTE: Number of pages queued is 50, trying to add 50 more.
2015-05-02 14:39:06       interwiki.py, 2161 in               dump: INFO     Dump fr (wiktionary) appended.
2015-05-02 14:39:40       interwiki.py, 2173 in       generateMore: INFO     NOTE: Number of pages queued is 0, trying to add 50 more.
2015-05-02 14:39:40         userlib.py,  331 in      contributions: INFO     Retrieving 250 user contributions from wiktionary:fr...
2015-05-02 14:39:45       wikipedia.py, 6014 in             getall: INFO     Getting 50 pages from wiktionary:fr...
2015-05-02 14:39:45       wikipedia.py, 5657 in                run: ERROR    SaxParseBug caused error ValueError: time data u'20150502123400' does not match format '%Y-%m-%dT%H:%M:%SZ'
. Dump SaxParseBug_wiktionary-fr__Sat_May_02_14-39-45_2015.dump created.
2015-05-02 14:39:45  pagegenerators.py, 1240 in           __iter__: INFO     time data u'20150502123400' does not match format '%Y-%m-%dT%H:%M:%SZ'
2015-05-02 14:39:47       interwiki.py, 1199 in reportInterwikilessPage: INFO     NOTE: [[fr:visibilmente]] does not have any interwiki links
2015-05-02 14:39:48       interwiki.py, 1199 in reportInterwikilessPage: INFO     NOTE: [[fr:densamente]] does not have any interwiki links
2015-05-02 14:39:51       interwiki.py, 1199 in reportInterwikilessPage: INFO     NOTE: [[fr:sessualmente]] does not have any interwiki links
2015-05-02 14:39:52       interwiki.py, 1199 in reportInterwikilessPage: INFO     NOTE: [[fr:necessariamente]] does not have any interwiki links
2015-05-02 14:39:54       interwiki.py, 1199 in reportInterwikilessPage: INFO     NOTE: [[fr:sporadicamente]] does not have any interwiki links
2015-05-02 14:39:55       interwiki.py, 1199 in reportInterwikilessPage: INFO     NOTE: [[fr:aspramente]] does not have any interwiki links
2015-05-02 14:39:57       interwiki.py, 1199 in reportInterwikilessPage: INFO     NOTE: [[fr:inaspettatamente]] does not have any interwiki links
2015-05-02 14:40:00       interwiki.py, 1199 in reportInterwikilessPage: INFO     NOTE: [[fr:audacemente]] does not have any interwiki links
2015-05-02 14:40:04       interwiki.py, 1199 in reportInterwikilessPage: INFO     NOTE: [[fr:imparzialmente]] does not have any interwiki links
2015-05-02 14:40:06       interwiki.py, 1199 in reportInterwikilessPage: INFO     NOTE: [[fr:gradualmente]] does not have any interwiki links
2015-05-02 14:40:10       interwiki.py, 1199 in reportInterwikilessPage: INFO     NOTE: [[fr:fissamente]] does not have any interwiki links
2015-05-02 14:40:12       interwiki.py, 1199 in reportInterwikilessPage: INFO     NOTE: [[fr:ardentemente]] does not have any interwiki links
2015-05-02 14:40:14       interwiki.py, 1199 in reportInterwikilessPage: INFO     NOTE: [[fr:esageratamente]] does not have any interwiki links
2015-05-02 14:40:18       interwiki.py, 1199 in reportInterwikilessPage: INFO     NOTE: [[fr:effettivamente]] does not have any interwiki links
2015-05-02 14:40:20       interwiki.py, 1199 in reportInterwikilessPage: INFO     NOTE: [[fr:assiduamente]] does not have any interwiki links
2015-05-02 14:40:23       interwiki.py, 1199 in reportInterwikilessPage: INFO     NOTE: [[fr:concretamente]] does not have any interwiki links
2015-05-02 14:40:24       interwiki.py, 1199 in reportInterwikilessPage: INFO     NOTE: [[fr:adeguatamente]] does not have any interwiki links
2015-05-02 14:40:27       interwiki.py, 1199 in reportInterwikilessPage: INFO     NOTE: [[fr:comunemente]] does not have any interwiki links
2015-05-02 14:40:29       interwiki.py, 2171 in       generateMore: INFO     NOTE: The first unfinished subject is [[fr:visibilmente]]
2015-05-02 14:40:29       interwiki.py, 2173 in       generateMore: INFO     NOTE: Number of pages queued is 50, trying to add 50 more.
2015-05-02 14:40:30       interwiki.py, 2161 in               dump: INFO     Dump fr (wiktionary) appended.
2015-05-02 14:41:23       interwiki.py, 2173 in       generateMore: INFO     NOTE: Number of pages queued is 0, trying to add 50 more.
2015-05-02 14:41:23         userlib.py,  331 in      contributions: INFO     Retrieving 250 user contributions from wiktionary:fr...
2015-05-02 14:41:28       wikipedia.py, 6014 in             getall: INFO     Getting 50 pages from wiktionary:fr...
2015-05-02 14:41:29       wikipedia.py, 5657 in                run: ERROR    SaxParseBug caused error ValueError: time data u'20150502124125' does not match format '%Y-%m-%dT%H:%M:%SZ'
. Dump SaxParseBug_wiktionary-fr__Sat_May_02_14-41-29_2015.dump created.
2015-05-02 14:41:29  pagegenerators.py, 1240 in           __iter__: INFO     time data u'20150502124125' does not match format '%Y-%m-%dT%H:%M:%SZ'
2015-05-02 14:41:31       interwiki.py, 1199 in reportInterwikilessPage: INFO     NOTE: [[fr:visibilmente]] does not have any interwiki links
2015-05-02 14:41:32       interwiki.py, 1199 in reportInterwikilessPage: INFO     NOTE: [[fr:densamente]] does not have any interwiki links
2015-05-02 14:41:35       interwiki.py, 1199 in reportInterwikilessPage: INFO     NOTE: [[fr:sessualmente]] does not have any interwiki links
2015-05-02 14:41:36       interwiki.py, 1199 in reportInterwikilessPage: INFO     NOTE: [[fr:necessariamente]] does not have any interwiki links
2015-05-02 14:41:38       interwiki.py, 1199 in reportInterwikilessPage: INFO     NOTE: [[fr:sporadicamente]] does not have any interwiki links
2015-05-02 14:41:39       interwiki.py, 1199 in reportInterwikilessPage: INFO     NOTE: [[fr:aspramente]] does not have any interwiki links
2015-05-02 14:41:41       interwiki.py, 1199 in reportInterwikilessPage: INFO     NOTE: [[fr:inaspettatamente]] does not have any interwiki links
2015-05-02 14:41:44       interwiki.py, 1199 in reportInterwikilessPage: INFO     NOTE: [[fr:audacemente]] does not have any interwiki links
2015-05-02 14:41:47       interwiki.py, 1199 in reportInterwikilessPage: INFO     NOTE: [[fr:imparzialmente]] does not have any interwiki links
2015-05-02 14:41:50       interwiki.py, 1199 in reportInterwikilessPage: INFO     NOTE: [[fr:gradualmente]] does not have any interwiki links
2015-05-02 14:41:54       interwiki.py, 1199 in reportInterwikilessPage: INFO     NOTE: [[fr:fissamente]] does not have any interwiki links
2015-05-02 14:41:56       interwiki.py, 1199 in reportInterwikilessPage: INFO     NOTE: [[fr:ardentemente]] does not have any interwiki links
2015-05-02 14:41:57       interwiki.py, 1199 in reportInterwikilessPage: INFO     NOTE: [[fr:esageratamente]] does not have any interwiki links
2015-05-02 14:42:02       interwiki.py, 1199 in reportInterwikilessPage: INFO     NOTE: [[fr:effettivamente]] does not have any interwiki links
2015-05-02 14:42:03       interwiki.py, 1199 in reportInterwikilessPage: INFO     NOTE: [[fr:assiduamente]] does not have any interwiki links
2015-05-02 14:42:07       interwiki.py, 1199 in reportInterwikilessPage: INFO     NOTE: [[fr:concretamente]] does not have any interwiki links
2015-05-02 14:42:08       interwiki.py, 1199 in reportInterwikilessPage: INFO     NOTE: [[fr:adeguatamente]] does not have any interwiki links
2015-05-02 14:42:10       interwiki.py, 1199 in reportInterwikilessPage: INFO     NOTE: [[fr:comunemente]] does not have any interwiki links
2015-05-02 14:42:12       interwiki.py, 2171 in       generateMore: INFO     NOTE: The first unfinished subject is [[fr:préférablement]]
2015-05-02 14:42:12       interwiki.py, 2173 in       generateMore: INFO     NOTE: Number of pages queued is 50, trying to add 50 more.
2015-05-02 14:42:12       interwiki.py, 2161 in               dump: INFO     Dump fr (wiktionary) appended.
